{"/Users/anthony/Documents/DevWork/namlend-trust-main-3/namlend-mobile/src/components/NetworkBanner.tsx": {"path":"/Users/anthony/Documents/DevWork/namlend-trust-main-3/namlend-mobile/src/components/NetworkBanner.tsx","statementMap":{"0":{"start":{"line":14,"column":34},"end":{"line":14,"column":48}},"1":{"start":{"line":15,"column":22},"end":{"line":15,"column":55}},"2":{"start":{"line":17,"column":2},"end":{"line":21,"column":9}},"3":{"start":{"line":18,"column":4},"end":{"line":18,"column":25}},"4":{"start":{"line":19,"column":21},"end":{"line":19,"column":58}},"5":{"start":{"line":20,"column":4},"end":{"line":20,"column":41}},"6":{"start":{"line":20,"column":17},"end":{"line":20,"column":40}},"7":{"start":{"line":23,"column":2},"end":{"line":39,"column":17}},"8":{"start":{"line":24,"column":4},"end":{"line":38,"column":5}},"9":{"start":{"line":26,"column":6},"end":{"line":30,"column":17}},"10":{"start":{"line":33,"column":6},"end":{"line":37,"column":17}},"11":{"start":{"line":41,"column":29},"end":{"line":48,"column":3}},"12":{"start":{"line":42,"column":4},"end":{"line":47,"column":5}},"13":{"start":{"line":43,"column":27},"end":{"line":43,"column":63}},"14":{"start":{"line":44,"column":6},"end":{"line":44,"column":98}},"15":{"start":{"line":46,"column":6},"end":{"line":46,"column":51}},"16":{"start":{"line":50,"column":2},"end":{"line":65,"column":4}},"17":{"start":{"line":68,"column":15},"end":{"line":101,"column":2}}},"fnMap":{"0":{"name":"NetworkBanner","decl":{"start":{"line":13,"column":24},"end":{"line":13,"column":37}},"loc":{"start":{"line":13,"column":40},"end":{"line":66,"column":1}},"line":13},"1":{"name":"(anonymous_1)","decl":{"start":{"line":17,"column":12},"end":{"line":17,"column":13}},"loc":{"start":{"line":17,"column":18},"end":{"line":21,"column":3}},"line":17},"2":{"name":"(anonymous_2)","decl":{"start":{"line":20,"column":11},"end":{"line":20,"column":12}},"loc":{"start":{"line":20,"column":17},"end":{"line":20,"column":40}},"line":20},"3":{"name":"(anonymous_3)","decl":{"start":{"line":23,"column":12},"end":{"line":23,"column":13}},"loc":{"start":{"line":23,"column":18},"end":{"line":39,"column":3}},"line":23},"4":{"name":"(anonymous_4)","decl":{"start":{"line":41,"column":29},"end":{"line":41,"column":30}},"loc":{"start":{"line":41,"column":41},"end":{"line":48,"column":3}},"line":41}},"branchMap":{"0":{"loc":{"start":{"line":24,"column":4},"end":{"line":38,"column":5}},"type":"if","locations":[{"start":{"line":24,"column":4},"end":{"line":38,"column":5}},{"start":{"line":31,"column":11},"end":{"line":38,"column":5}}],"line":24},"1":{"loc":{"start":{"line":44,"column":18},"end":{"line":44,"column":96}},"type":"binary-expr","locations":[{"start":{"line":44,"column":18},"end":{"line":44,"column":51}},{"start":{"line":44,"column":55},"end":{"line":44,"column":96}}],"line":44}},"s":{"0":0,"1":0,"2":0,"3":0,"4":0,"5":0,"6":0,"7":0,"8":0,"9":0,"10":0,"11":0,"12":0,"13":0,"14":0,"15":0,"16":0,"17":0},"f":{"0":0,"1":0,"2":0,"3":0,"4":0},"b":{"0":[0,0],"1":[0,0]}}
,"/Users/anthony/Documents/DevWork/namlend-trust-main-3/namlend-mobile/src/components/OptimizedImage.tsx": {"path":"/Users/anthony/Documents/DevWork/namlend-trust-main-3/namlend-mobile/src/components/OptimizedImage.tsx","statementMap":{"0":{"start":{"line":26,"column":32},"end":{"line":26,"column":46}},"1":{"start":{"line":27,"column":28},"end":{"line":27,"column":43}},"2":{"start":{"line":29,"column":2},"end":{"line":58,"column":4}},"3":{"start":{"line":41,"column":29},"end":{"line":41,"column":45}},"4":{"start":{"line":42,"column":27},"end":{"line":42,"column":44}},"5":{"start":{"line":44,"column":12},"end":{"line":44,"column":30}},"6":{"start":{"line":45,"column":12},"end":{"line":45,"column":27}},"7":{"start":{"line":61,"column":15},"end":{"line":79,"column":2}}},"fnMap":{"0":{"name":"OptimizedImage","decl":{"start":{"line":18,"column":24},"end":{"line":18,"column":38}},"loc":{"start":{"line":25,"column":24},"end":{"line":59,"column":1}},"line":25},"1":{"name":"(anonymous_1)","decl":{"start":{"line":41,"column":23},"end":{"line":41,"column":24}},"loc":{"start":{"line":41,"column":29},"end":{"line":41,"column":45}},"line":41},"2":{"name":"(anonymous_2)","decl":{"start":{"line":42,"column":21},"end":{"line":42,"column":22}},"loc":{"start":{"line":42,"column":27},"end":{"line":42,"column":44}},"line":42},"3":{"name":"(anonymous_3)","decl":{"start":{"line":43,"column":19},"end":{"line":43,"column":20}},"loc":{"start":{"line":43,"column":25},"end":{"line":46,"column":11}},"line":43}},"branchMap":{"0":{"loc":{"start":{"line":31,"column":7},"end":{"line":35,"column":7}},"type":"binary-expr","locations":[{"start":{"line":31,"column":7},"end":{"line":31,"column":14}},{"start":{"line":32,"column":8},"end":{"line":34,"column":15}}],"line":31},"1":{"loc":{"start":{"line":33,"column":11},"end":{"line":33,"column":63}},"type":"binary-expr","locations":[{"start":{"line":33,"column":11},"end":{"line":33,"column":22}},{"start":{"line":33,"column":26},"end":{"line":33,"column":63}}],"line":33},"2":{"loc":{"start":{"line":37,"column":7},"end":{"line":50,"column":7}},"type":"binary-expr","locations":[{"start":{"line":37,"column":7},"end":{"line":37,"column":13}},{"start":{"line":38,"column":8},"end":{"line":49,"column":10}}],"line":37},"3":{"loc":{"start":{"line":52,"column":7},"end":{"line":56,"column":7}},"type":"binary-expr","locations":[{"start":{"line":52,"column":7},"end":{"line":52,"column":12}},{"start":{"line":53,"column":8},"end":{"line":55,"column":15}}],"line":52}},"s":{"0":0,"1":0,"2":0,"3":0,"4":0,"5":0,"6":0,"7":0},"f":{"0":0,"1":0,"2":0,"3":0},"b":{"0":[0,0],"1":[0,0],"2":[0,0],"3":[0,0]}}
,"/Users/anthony/Documents/DevWork/namlend-trust-main-3/namlend-mobile/src/components/OptimizedList.tsx": {"path":"/Users/anthony/Documents/DevWork/namlend-trust-main-3/namlend-mobile/src/components/OptimizedList.tsx","statementMap":{"0":{"start":{"line":23,"column":2},"end":{"line":44,"column":4}},"1":{"start":{"line":36,"column":27},"end":{"line":40,"column":9}},"2":{"start":{"line":47,"column":29},"end":{"line":47,"column":90}}},"fnMap":{"0":{"name":"OptimizedListComponent","decl":{"start":{"line":17,"column":9},"end":{"line":17,"column":31}},"loc":{"start":{"line":22,"column":26},"end":{"line":45,"column":1}},"line":22},"1":{"name":"(anonymous_1)","decl":{"start":{"line":36,"column":9},"end":{"line":36,"column":10}},"loc":{"start":{"line":36,"column":27},"end":{"line":40,"column":9}},"line":36}},"branchMap":{"0":{"loc":{"start":{"line":35,"column":8},"end":{"line":40,"column":11}},"type":"binary-expr","locations":[{"start":{"line":35,"column":8},"end":{"line":35,"column":27}},{"start":{"line":36,"column":9},"end":{"line":40,"column":10}}],"line":35}},"s":{"0":0,"1":0,"2":0},"f":{"0":0,"1":0},"b":{"0":[0,0]}}
,"/Users/anthony/Documents/DevWork/namlend-trust-main-3/namlend-mobile/src/components/SessionLockScreen.tsx": {"path":"/Users/anthony/Documents/DevWork/namlend-trust-main-3/namlend-mobile/src/components/SessionLockScreen.tsx","statementMap":{"0":{"start":{"line":18,"column":36},"end":{"line":18,"column":57}},"1":{"start":{"line":20,"column":23},"end":{"line":26,"column":3}},"2":{"start":{"line":21,"column":4},"end":{"line":21,"column":23}},"3":{"start":{"line":22,"column":20},"end":{"line":22,"column":36}},"4":{"start":{"line":23,"column":4},"end":{"line":25,"column":5}},"5":{"start":{"line":24,"column":6},"end":{"line":24,"column":26}},"6":{"start":{"line":28,"column":2},"end":{"line":56,"column":4}},"7":{"start":{"line":59,"column":15},"end":{"line":116,"column":2}}},"fnMap":{"0":{"name":"SessionLockScreen","decl":{"start":{"line":17,"column":24},"end":{"line":17,"column":41}},"loc":{"start":{"line":17,"column":100},"end":{"line":57,"column":1}},"line":17},"1":{"name":"(anonymous_1)","decl":{"start":{"line":20,"column":23},"end":{"line":20,"column":24}},"loc":{"start":{"line":20,"column":35},"end":{"line":26,"column":3}},"line":20}},"branchMap":{"0":{"loc":{"start":{"line":23,"column":4},"end":{"line":25,"column":5}},"type":"if","locations":[{"start":{"line":23,"column":4},"end":{"line":25,"column":5}},{"start":{},"end":{}}],"line":23},"1":{"loc":{"start":{"line":45,"column":11},"end":{"line":45,"column":74}},"type":"binary-expr","locations":[{"start":{"line":45,"column":11},"end":{"line":45,"column":29}},{"start":{"line":45,"column":33},"end":{"line":45,"column":74}}],"line":45},"2":{"loc":{"start":{"line":47,"column":13},"end":{"line":47,"column":98}},"type":"cond-expr","locations":[{"start":{"line":47,"column":25},"end":{"line":47,"column":39}},{"start":{"line":47,"column":42},"end":{"line":47,"column":98}}],"line":47},"3":{"loc":{"start":{"line":47,"column":42},"end":{"line":47,"column":98}},"type":"cond-expr","locations":[{"start":{"line":47,"column":63},"end":{"line":47,"column":87}},{"start":{"line":47,"column":90},"end":{"line":47,"column":98}}],"line":47}},"s":{"0":0,"1":0,"2":0,"3":0,"4":0,"5":0,"6":0,"7":0},"f":{"0":0,"1":0},"b":{"0":[0,0],"1":[0,0],"2":[0,0],"3":[0,0]}}
,"/Users/anthony/Documents/DevWork/namlend-trust-main-3/namlend-mobile/src/components/neo/NeoBalanceCard.tsx": {"path":"/Users/anthony/Documents/DevWork/namlend-trust-main-3/namlend-mobile/src/components/neo/NeoBalanceCard.tsx","statementMap":{"0":{"start":{"line":13,"column":61},"end":{"line":47,"column":1}},"1":{"start":{"line":20,"column":23},"end":{"line":25,"column":3}},"2":{"start":{"line":21,"column":4},"end":{"line":24,"column":7}},"3":{"start":{"line":27,"column":2},"end":{"line":46,"column":4}}},"fnMap":{"0":{"name":"(anonymous_0)","decl":{"start":{"line":13,"column":61},"end":{"line":13,"column":62}},"loc":{"start":{"line":19,"column":6},"end":{"line":47,"column":1}},"line":19},"1":{"name":"(anonymous_1)","decl":{"start":{"line":20,"column":23},"end":{"line":20,"column":24}},"loc":{"start":{"line":20,"column":50},"end":{"line":25,"column":3}},"line":20}},"branchMap":{"0":{"loc":{"start":{"line":16,"column":2},"end":{"line":16,"column":17}},"type":"default-arg","locations":[{"start":{"line":16,"column":13},"end":{"line":16,"column":17}}],"line":16},"1":{"loc":{"start":{"line":18,"column":2},"end":{"line":18,"column":16}},"type":"default-arg","locations":[{"start":{"line":18,"column":14},"end":{"line":18,"column":16}}],"line":18},"2":{"loc":{"start":{"line":33,"column":9},"end":{"line":37,"column":9}},"type":"binary-expr","locations":[{"start":{"line":33,"column":9},"end":{"line":33,"column":17}},{"start":{"line":34,"column":10},"end":{"line":36,"column":17}}],"line":33}},"s":{"0":0,"1":0,"2":0,"3":0},"f":{"0":0,"1":0},"b":{"0":[0],"1":[0],"2":[0,0]}}
,"/Users/anthony/Documents/DevWork/namlend-trust-main-3/namlend-mobile/src/components/neo/NeoButton.tsx": {"path":"/Users/anthony/Documents/DevWork/namlend-trust-main-3/namlend-mobile/src/components/neo/NeoButton.tsx","statementMap":{"0":{"start":{"line":14,"column":51},"end":{"line":79,"column":1}},"1":{"start":{"line":26,"column":21},"end":{"line":26,"column":88}},"2":{"start":{"line":28,"column":19},"end":{"line":35,"column":3}},"3":{"start":{"line":37,"column":16},"end":{"line":41,"column":3}},"4":{"start":{"line":43,"column":19},"end":{"line":43,"column":49}},"5":{"start":{"line":45,"column":23},"end":{"line":52,"column":3}},"6":{"start":{"line":54,"column":20},"end":{"line":58,"column":3}},"7":{"start":{"line":60,"column":2},"end":{"line":78,"column":4}}},"fnMap":{"0":{"name":"(anonymous_0)","decl":{"start":{"line":14,"column":51},"end":{"line":14,"column":52}},"loc":{"start":{"line":25,"column":6},"end":{"line":79,"column":1}},"line":25}},"branchMap":{"0":{"loc":{"start":{"line":17,"column":2},"end":{"line":17,"column":21}},"type":"default-arg","locations":[{"start":{"line":17,"column":12},"end":{"line":17,"column":21}}],"line":17},"1":{"loc":{"start":{"line":18,"column":2},"end":{"line":18,"column":13}},"type":"default-arg","locations":[{"start":{"line":18,"column":9},"end":{"line":18,"column":13}}],"line":18},"2":{"loc":{"start":{"line":20,"column":2},"end":{"line":20,"column":17}},"type":"default-arg","locations":[{"start":{"line":20,"column":12},"end":{"line":20,"column":17}}],"line":20},"3":{"loc":{"start":{"line":21,"column":2},"end":{"line":21,"column":18}},"type":"default-arg","locations":[{"start":{"line":21,"column":13},"end":{"line":21,"column":18}}],"line":21},"4":{"loc":{"start":{"line":22,"column":2},"end":{"line":22,"column":16}},"type":"default-arg","locations":[{"start":{"line":22,"column":14},"end":{"line":22,"column":16}}],"line":22},"5":{"loc":{"start":{"line":23,"column":2},"end":{"line":23,"column":20}},"type":"default-arg","locations":[{"start":{"line":23,"column":18},"end":{"line":23,"column":20}}],"line":23},"6":{"loc":{"start":{"line":63,"column":16},"end":{"line":63,"column":35}},"type":"binary-expr","locations":[{"start":{"line":63,"column":16},"end":{"line":63,"column":24}},{"start":{"line":63,"column":28},"end":{"line":63,"column":35}}],"line":63},"7":{"loc":{"start":{"line":64,"column":70},"end":{"line":64,"column":98}},"type":"cond-expr","locations":[{"start":{"line":64,"column":81},"end":{"line":64,"column":93}},{"start":{"line":64,"column":96},"end":{"line":64,"column":98}}],"line":64},"8":{"loc":{"start":{"line":67,"column":7},"end":{"line":76,"column":7}},"type":"cond-expr","locations":[{"start":{"line":68,"column":8},"end":{"line":68,"column":81}},{"start":{"line":70,"column":8},"end":{"line":75,"column":11}}],"line":67},"9":{"loc":{"start":{"line":68,"column":34},"end":{"line":68,"column":77}},"type":"cond-expr","locations":[{"start":{"line":68,"column":56},"end":{"line":68,"column":65}},{"start":{"line":68,"column":68},"end":{"line":68,"column":77}}],"line":68},"10":{"loc":{"start":{"line":71,"column":11},"end":{"line":71,"column":55}},"type":"binary-expr","locations":[{"start":{"line":71,"column":11},"end":{"line":71,"column":15}},{"start":{"line":71,"column":19},"end":{"line":71,"column":55}}],"line":71}},"s":{"0":0,"1":0,"2":0,"3":0,"4":0,"5":0,"6":0,"7":0},"f":{"0":0},"b":{"0":[0],"1":[0],"2":[0],"3":[0],"4":[0],"5":[0],"6":[0,0],"7":[0,0],"8":[0,0],"9":[0,0],"10":[0,0]}}
,"/Users/anthony/Documents/DevWork/namlend-trust-main-3/namlend-mobile/src/components/neo/NeoCard.tsx": {"path":"/Users/anthony/Documents/DevWork/namlend-trust-main-3/namlend-mobile/src/components/neo/NeoCard.tsx","statementMap":{"0":{"start":{"line":9,"column":47},"end":{"line":31,"column":1}},"1":{"start":{"line":15,"column":20},"end":{"line":15,"column":37}},"2":{"start":{"line":17,"column":19},"end":{"line":21,"column":3}},"3":{"start":{"line":23,"column":2},"end":{"line":30,"column":4}}},"fnMap":{"0":{"name":"(anonymous_0)","decl":{"start":{"line":9,"column":47},"end":{"line":9,"column":48}},"loc":{"start":{"line":14,"column":6},"end":{"line":31,"column":1}},"line":14}},"branchMap":{"0":{"loc":{"start":{"line":11,"column":2},"end":{"line":11,"column":21}},"type":"default-arg","locations":[{"start":{"line":11,"column":12},"end":{"line":11,"column":21}}],"line":11},"1":{"loc":{"start":{"line":12,"column":2},"end":{"line":12,"column":16}},"type":"default-arg","locations":[{"start":{"line":12,"column":14},"end":{"line":12,"column":16}}],"line":12}},"s":{"0":0,"1":0,"2":0,"3":0},"f":{"0":0},"b":{"0":[0],"1":[0]}}
,"/Users/anthony/Documents/DevWork/namlend-trust-main-3/namlend-mobile/src/components/neo/NeoCurrencyCard.tsx": {"path":"/Users/anthony/Documents/DevWork/namlend-trust-main-3/namlend-mobile/src/components/neo/NeoCurrencyCard.tsx","statementMap":{"0":{"start":{"line":15,"column":63},"end":{"line":50,"column":1}},"1":{"start":{"line":23,"column":20},"end":{"line":23,"column":53}},"2":{"start":{"line":25,"column":2},"end":{"line":49,"column":4}}},"fnMap":{"0":{"name":"(anonymous_0)","decl":{"start":{"line":15,"column":63},"end":{"line":15,"column":64}},"loc":{"start":{"line":22,"column":6},"end":{"line":50,"column":1}},"line":22}},"branchMap":{"0":{"loc":{"start":{"line":21,"column":2},"end":{"line":21,"column":16}},"type":"default-arg","locations":[{"start":{"line":21,"column":14},"end":{"line":21,"column":16}}],"line":21},"1":{"loc":{"start":{"line":23,"column":20},"end":{"line":23,"column":53}},"type":"cond-expr","locations":[{"start":{"line":23,"column":30},"end":{"line":23,"column":46}},{"start":{"line":23,"column":49},"end":{"line":23,"column":53}}],"line":23},"2":{"loc":{"start":{"line":28,"column":9},"end":{"line":32,"column":9}},"type":"binary-expr","locations":[{"start":{"line":28,"column":9},"end":{"line":28,"column":13}},{"start":{"line":29,"column":10},"end":{"line":31,"column":17}}],"line":28},"3":{"loc":{"start":{"line":42,"column":9},"end":{"line":46,"column":9}},"type":"binary-expr","locations":[{"start":{"line":42,"column":9},"end":{"line":42,"column":23}},{"start":{"line":43,"column":10},"end":{"line":45,"column":17}}],"line":42}},"s":{"0":0,"1":0,"2":0},"f":{"0":0},"b":{"0":[0],"1":[0,0],"2":[0,0],"3":[0,0]}}
,"/Users/anthony/Documents/DevWork/namlend-trust-main-3/namlend-mobile/src/components/neo/NeoInput.tsx": {"path":"/Users/anthony/Documents/DevWork/namlend-trust-main-3/namlend-mobile/src/components/neo/NeoInput.tsx","statementMap":{"0":{"start":{"line":12,"column":49},"end":{"line":74,"column":1}},"1":{"start":{"line":20,"column":36},"end":{"line":20,"column":51}},"2":{"start":{"line":21,"column":52},"end":{"line":21,"column":78}},"3":{"start":{"line":23,"column":35},"end":{"line":25,"column":3}},"4":{"start":{"line":24,"column":4},"end":{"line":24,"column":45}},"5":{"start":{"line":27,"column":21},"end":{"line":27,"column":50}},"6":{"start":{"line":29,"column":26},"end":{"line":29,"column":63}},"7":{"start":{"line":31,"column":2},"end":{"line":73,"column":4}},"8":{"start":{"line":50,"column":25},"end":{"line":50,"column":43}},"9":{"start":{"line":51,"column":24},"end":{"line":51,"column":43}}},"fnMap":{"0":{"name":"(anonymous_0)","decl":{"start":{"line":12,"column":49},"end":{"line":12,"column":50}},"loc":{"start":{"line":19,"column":6},"end":{"line":74,"column":1}},"line":19},"1":{"name":"(anonymous_1)","decl":{"start":{"line":23,"column":35},"end":{"line":23,"column":36}},"loc":{"start":{"line":23,"column":41},"end":{"line":25,"column":3}},"line":23},"2":{"name":"(anonymous_2)","decl":{"start":{"line":50,"column":19},"end":{"line":50,"column":20}},"loc":{"start":{"line":50,"column":25},"end":{"line":50,"column":43}},"line":50},"3":{"name":"(anonymous_3)","decl":{"start":{"line":51,"column":18},"end":{"line":51,"column":19}},"loc":{"start":{"line":51,"column":24},"end":{"line":51,"column":43}},"line":51}},"branchMap":{"0":{"loc":{"start":{"line":16,"column":2},"end":{"line":16,"column":25}},"type":"default-arg","locations":[{"start":{"line":16,"column":23},"end":{"line":16,"column":25}}],"line":16},"1":{"loc":{"start":{"line":29,"column":26},"end":{"line":29,"column":63}},"type":"binary-expr","locations":[{"start":{"line":29,"column":26},"end":{"line":29,"column":41}},{"start":{"line":29,"column":45},"end":{"line":29,"column":63}}],"line":29},"2":{"loc":{"start":{"line":33,"column":7},"end":{"line":37,"column":7}},"type":"binary-expr","locations":[{"start":{"line":33,"column":7},"end":{"line":33,"column":12}},{"start":{"line":34,"column":8},"end":{"line":36,"column":15}}],"line":33},"3":{"loc":{"start":{"line":42,"column":12},"end":{"line":42,"column":94}},"type":"cond-expr","locations":[{"start":{"line":42,"column":24},"end":{"line":42,"column":44}},{"start":{"line":42,"column":47},"end":{"line":42,"column":94}}],"line":42},"4":{"loc":{"start":{"line":42,"column":47},"end":{"line":42,"column":94}},"type":"cond-expr","locations":[{"start":{"line":42,"column":55},"end":{"line":42,"column":74}},{"start":{"line":42,"column":77},"end":{"line":42,"column":94}}],"line":42},"5":{"loc":{"start":{"line":45,"column":9},"end":{"line":45,"column":53}},"type":"binary-expr","locations":[{"start":{"line":45,"column":9},"end":{"line":45,"column":13}},{"start":{"line":45,"column":17},"end":{"line":45,"column":53}}],"line":45},"6":{"loc":{"start":{"line":56,"column":9},"end":{"line":64,"column":9}},"type":"binary-expr","locations":[{"start":{"line":56,"column":9},"end":{"line":56,"column":24}},{"start":{"line":57,"column":10},"end":{"line":63,"column":29}}],"line":56},"7":{"loc":{"start":{"line":58,"column":13},"end":{"line":62,"column":13}},"type":"cond-expr","locations":[{"start":{"line":59,"column":14},"end":{"line":59,"column":50}},{"start":{"line":61,"column":14},"end":{"line":61,"column":47}}],"line":58},"8":{"loc":{"start":{"line":67,"column":7},"end":{"line":71,"column":7}},"type":"binary-expr","locations":[{"start":{"line":67,"column":7},"end":{"line":67,"column":12}},{"start":{"line":68,"column":8},"end":{"line":70,"column":15}}],"line":67}},"s":{"0":0,"1":0,"2":0,"3":0,"4":0,"5":0,"6":0,"7":0,"8":0,"9":0},"f":{"0":0,"1":0,"2":0,"3":0},"b":{"0":[0],"1":[0,0],"2":[0,0],"3":[0,0],"4":[0,0],"5":[0,0],"6":[0,0],"7":[0,0],"8":[0,0]}}
,"/Users/anthony/Documents/DevWork/namlend-trust-main-3/namlend-mobile/src/components/neo/NeoTransactionItem.tsx": {"path":"/Users/anthony/Documents/DevWork/namlend-trust-main-3/namlend-mobile/src/components/neo/NeoTransactionItem.tsx","statementMap":{"0":{"start":{"line":16,"column":69},"end":{"line":68,"column":1}},"1":{"start":{"line":26,"column":24},"end":{"line":26,"column":82}},"2":{"start":{"line":27,"column":19},"end":{"line":27,"column":36}},"3":{"start":{"line":29,"column":22},"end":{"line":29,"column":70}},"4":{"start":{"line":30,"column":20},"end":{"line":30,"column":52}},"5":{"start":{"line":31,"column":22},"end":{"line":31,"column":69}},"6":{"start":{"line":33,"column":23},"end":{"line":39,"column":3}},"7":{"start":{"line":34,"column":22},"end":{"line":37,"column":6}},"8":{"start":{"line":38,"column":4},"end":{"line":38,"column":56}},"9":{"start":{"line":41,"column":20},"end":{"line":41,"column":53}},"10":{"start":{"line":43,"column":2},"end":{"line":67,"column":4}}},"fnMap":{"0":{"name":"(anonymous_0)","decl":{"start":{"line":16,"column":69},"end":{"line":16,"column":70}},"loc":{"start":{"line":25,"column":6},"end":{"line":68,"column":1}},"line":25},"1":{"name":"(anonymous_1)","decl":{"start":{"line":33,"column":23},"end":{"line":33,"column":24}},"loc":{"start":{"line":33,"column":50},"end":{"line":39,"column":3}},"line":33}},"branchMap":{"0":{"loc":{"start":{"line":22,"column":2},"end":{"line":22,"column":17}},"type":"default-arg","locations":[{"start":{"line":22,"column":13},"end":{"line":22,"column":17}}],"line":22},"1":{"loc":{"start":{"line":24,"column":2},"end":{"line":24,"column":16}},"type":"default-arg","locations":[{"start":{"line":24,"column":14},"end":{"line":24,"column":16}}],"line":24},"2":{"loc":{"start":{"line":26,"column":24},"end":{"line":26,"column":82}},"type":"binary-expr","locations":[{"start":{"line":26,"column":24},"end":{"line":26,"column":28}},{"start":{"line":26,"column":33},"end":{"line":26,"column":81}}],"line":26},"3":{"loc":{"start":{"line":26,"column":33},"end":{"line":26,"column":81}},"type":"cond-expr","locations":[{"start":{"line":26,"column":53},"end":{"line":26,"column":65}},{"start":{"line":26,"column":68},"end":{"line":26,"column":81}}],"line":26},"4":{"loc":{"start":{"line":29,"column":22},"end":{"line":29,"column":70}},"type":"cond-expr","locations":[{"start":{"line":29,"column":33},"end":{"line":29,"column":52}},{"start":{"line":29,"column":55},"end":{"line":29,"column":70}}],"line":29},"5":{"loc":{"start":{"line":30,"column":20},"end":{"line":30,"column":52}},"type":"cond-expr","locations":[{"start":{"line":30,"column":31},"end":{"line":30,"column":40}},{"start":{"line":30,"column":43},"end":{"line":30,"column":52}}],"line":30},"6":{"loc":{"start":{"line":31,"column":22},"end":{"line":31,"column":69}},"type":"cond-expr","locations":[{"start":{"line":31,"column":33},"end":{"line":31,"column":51}},{"start":{"line":31,"column":54},"end":{"line":31,"column":69}}],"line":31},"7":{"loc":{"start":{"line":38,"column":11},"end":{"line":38,"column":55}},"type":"cond-expr","locations":[{"start":{"line":38,"column":22},"end":{"line":38,"column":37}},{"start":{"line":38,"column":40},"end":{"line":38,"column":55}}],"line":38},"8":{"loc":{"start":{"line":41,"column":20},"end":{"line":41,"column":53}},"type":"cond-expr","locations":[{"start":{"line":41,"column":30},"end":{"line":41,"column":46}},{"start":{"line":41,"column":49},"end":{"line":41,"column":53}}],"line":41},"9":{"loc":{"start":{"line":56,"column":9},"end":{"line":60,"column":9}},"type":"binary-expr","locations":[{"start":{"line":56,"column":9},"end":{"line":56,"column":17}},{"start":{"line":57,"column":10},"end":{"line":59,"column":17}}],"line":56}},"s":{"0":0,"1":0,"2":0,"3":0,"4":0,"5":0,"6":0,"7":0,"8":0,"9":0,"10":0},"f":{"0":0,"1":0},"b":{"0":[0],"1":[0],"2":[0,0],"3":[0,0],"4":[0,0],"5":[0,0],"6":[0,0],"7":[0,0],"8":[0,0],"9":[0,0]}}
,"/Users/anthony/Documents/DevWork/namlend-trust-main-3/namlend-mobile/src/components/ui/Avatar.tsx": {"path":"/Users/anthony/Documents/DevWork/namlend-trust-main-3/namlend-mobile/src/components/ui/Avatar.tsx","statementMap":{"0":{"start":{"line":18,"column":45},"end":{"line":82,"column":1}},"1":{"start":{"line":25,"column":29},"end":{"line":25,"column":39}},"2":{"start":{"line":27,"column":22},"end":{"line":33,"column":3}},"3":{"start":{"line":28,"column":18},"end":{"line":28,"column":44}},"4":{"start":{"line":29,"column":4},"end":{"line":31,"column":5}},"5":{"start":{"line":30,"column":6},"end":{"line":30,"column":46}},"6":{"start":{"line":32,"column":4},"end":{"line":32,"column":82}},"7":{"start":{"line":35,"column":19},"end":{"line":35,"column":36}},"8":{"start":{"line":37,"column":2},"end":{"line":81,"column":4}},"9":{"start":{"line":84,"column":15},"end":{"line":97,"column":2}}},"fnMap":{"0":{"name":"(anonymous_0)","decl":{"start":{"line":18,"column":45},"end":{"line":18,"column":46}},"loc":{"start":{"line":24,"column":6},"end":{"line":82,"column":1}},"line":24},"1":{"name":"(anonymous_1)","decl":{"start":{"line":27,"column":22},"end":{"line":27,"column":23}},"loc":{"start":{"line":27,"column":52},"end":{"line":33,"column":3}},"line":27}},"branchMap":{"0":{"loc":{"start":{"line":20,"column":2},"end":{"line":20,"column":15}},"type":"default-arg","locations":[{"start":{"line":20,"column":9},"end":{"line":20,"column":15}}],"line":20},"1":{"loc":{"start":{"line":21,"column":2},"end":{"line":21,"column":11}},"type":"default-arg","locations":[{"start":{"line":21,"column":9},"end":{"line":21,"column":11}}],"line":21},"2":{"loc":{"start":{"line":29,"column":4},"end":{"line":31,"column":5}},"type":"if","locations":[{"start":{"line":29,"column":4},"end":{"line":31,"column":5}},{"start":{},"end":{}}],"line":29},"3":{"loc":{"start":{"line":53,"column":7},"end":{"line":79,"column":7}},"type":"cond-expr","locations":[{"start":{"line":54,"column":8},"end":{"line":65,"column":10}},{"start":{"line":67,"column":8},"end":{"line":78,"column":15}}],"line":53}},"s":{"0":0,"1":0,"2":0,"3":0,"4":0,"5":0,"6":0,"7":0,"8":0,"9":0},"f":{"0":0,"1":0},"b":{"0":[0],"1":[0],"2":[0,0],"3":[0,0]}}
,"/Users/anthony/Documents/DevWork/namlend-trust-main-3/namlend-mobile/src/components/ui/BalanceCard.tsx": {"path":"/Users/anthony/Documents/DevWork/namlend-trust-main-3/namlend-mobile/src/components/ui/BalanceCard.tsx","statementMap":{"0":{"start":{"line":19,"column":55},"end":{"line":93,"column":1}},"1":{"start":{"line":27,"column":29},"end":{"line":27,"column":39}},"2":{"start":{"line":29,"column":23},"end":{"line":34,"column":3}},"3":{"start":{"line":30,"column":4},"end":{"line":33,"column":7}},"4":{"start":{"line":36,"column":2},"end":{"line":92,"column":4}},"5":{"start":{"line":95,"column":15},"end":{"line":108,"column":2}}},"fnMap":{"0":{"name":"(anonymous_0)","decl":{"start":{"line":19,"column":55},"end":{"line":19,"column":56}},"loc":{"start":{"line":26,"column":6},"end":{"line":93,"column":1}},"line":26},"1":{"name":"(anonymous_1)","decl":{"start":{"line":29,"column":23},"end":{"line":29,"column":24}},"loc":{"start":{"line":29,"column":50},"end":{"line":34,"column":3}},"line":29}},"branchMap":{"0":{"loc":{"start":{"line":22,"column":2},"end":{"line":22,"column":17}},"type":"default-arg","locations":[{"start":{"line":22,"column":13},"end":{"line":22,"column":17}}],"line":22},"1":{"loc":{"start":{"line":77,"column":7},"end":{"line":90,"column":7}},"type":"binary-expr","locations":[{"start":{"line":77,"column":7},"end":{"line":77,"column":15}},{"start":{"line":78,"column":8},"end":{"line":89,"column":15}}],"line":77}},"s":{"0":0,"1":0,"2":0,"3":0,"4":0,"5":0},"f":{"0":0,"1":0},"b":{"0":[0],"1":[0,0]}}
,"/Users/anthony/Documents/DevWork/namlend-trust-main-3/namlend-mobile/src/components/ui/BottomSheet.tsx": {"path":"/Users/anthony/Documents/DevWork/namlend-trust-main-3/namlend-mobile/src/components/ui/BottomSheet.tsx","statementMap":{"0":{"start":{"line":25,"column":27},"end":{"line":127,"column":1}},"1":{"start":{"line":38,"column":31},"end":{"line":38,"column":41}},"2":{"start":{"line":41,"column":23},"end":{"line":44,"column":5}},"3":{"start":{"line":42,"column":12},"end":{"line":42,"column":46}},"4":{"start":{"line":47,"column":27},"end":{"line":57,"column":5}},"5":{"start":{"line":49,"column":8},"end":{"line":54,"column":10}},"6":{"start":{"line":59,"column":4},"end":{"line":125,"column":6}},"7":{"start":{"line":129,"column":0},"end":{"line":129,"column":40}},"8":{"start":{"line":131,"column":15},"end":{"line":144,"column":2}}},"fnMap":{"0":{"name":"(anonymous_0)","decl":{"start":{"line":26,"column":2},"end":{"line":26,"column":3}},"loc":{"start":{"line":37,"column":7},"end":{"line":126,"column":3}},"line":37},"1":{"name":"(anonymous_1)","decl":{"start":{"line":42,"column":6},"end":{"line":42,"column":7}},"loc":{"start":{"line":42,"column":12},"end":{"line":42,"column":46}},"line":42},"2":{"name":"(anonymous_2)","decl":{"start":{"line":48,"column":6},"end":{"line":48,"column":7}},"loc":{"start":{"line":49,"column":8},"end":{"line":54,"column":10}},"line":49}},"branchMap":{"0":{"loc":{"start":{"line":31,"column":6},"end":{"line":31,"column":33}},"type":"default-arg","locations":[{"start":{"line":31,"column":29},"end":{"line":31,"column":33}}],"line":31},"1":{"loc":{"start":{"line":42,"column":12},"end":{"line":42,"column":46}},"type":"binary-expr","locations":[{"start":{"line":42,"column":12},"end":{"line":42,"column":28}},{"start":{"line":42,"column":32},"end":{"line":42,"column":46}}],"line":42},"2":{"loc":{"start":{"line":85,"column":11},"end":{"line":111,"column":11}},"type":"binary-expr","locations":[{"start":{"line":85,"column":11},"end":{"line":85,"column":16}},{"start":{"line":86,"column":12},"end":{"line":110,"column":19}}],"line":85}},"s":{"0":0,"1":0,"2":0,"3":0,"4":0,"5":0,"6":0,"7":0,"8":0},"f":{"0":0,"1":0,"2":0},"b":{"0":[0],"1":[0,0],"2":[0,0]}}
,"/Users/anthony/Documents/DevWork/namlend-trust-main-3/namlend-mobile/src/components/ui/CurrencyCard.tsx": {"path":"/Users/anthony/Documents/DevWork/namlend-trust-main-3/namlend-mobile/src/components/ui/CurrencyCard.tsx","statementMap":{"0":{"start":{"line":22,"column":57},"end":{"line":110,"column":1}},"1":{"start":{"line":31,"column":29},"end":{"line":31,"column":39}},"2":{"start":{"line":33,"column":22},"end":{"line":38,"column":3}},"3":{"start":{"line":34,"column":4},"end":{"line":37,"column":5}},"4":{"start":{"line":35,"column":6},"end":{"line":35,"column":61}},"5":{"start":{"line":36,"column":6},"end":{"line":36,"column":16}},"6":{"start":{"line":40,"column":20},"end":{"line":40,"column":53}},"7":{"start":{"line":42,"column":2},"end":{"line":109,"column":4}},"8":{"start":{"line":112,"column":15},"end":{"line":133,"column":2}}},"fnMap":{"0":{"name":"(anonymous_0)","decl":{"start":{"line":22,"column":57},"end":{"line":22,"column":58}},"loc":{"start":{"line":30,"column":6},"end":{"line":110,"column":1}},"line":30},"1":{"name":"(anonymous_1)","decl":{"start":{"line":33,"column":22},"end":{"line":33,"column":23}},"loc":{"start":{"line":33,"column":28},"end":{"line":38,"column":3}},"line":33}},"branchMap":{"0":{"loc":{"start":{"line":34,"column":4},"end":{"line":37,"column":5}},"type":"if","locations":[{"start":{"line":34,"column":4},"end":{"line":37,"column":5}},{"start":{},"end":{}}],"line":34},"1":{"loc":{"start":{"line":40,"column":20},"end":{"line":40,"column":53}},"type":"cond-expr","locations":[{"start":{"line":40,"column":30},"end":{"line":40,"column":46}},{"start":{"line":40,"column":49},"end":{"line":40,"column":53}}],"line":40},"2":{"loc":{"start":{"line":57,"column":7},"end":{"line":61,"column":7}},"type":"binary-expr","locations":[{"start":{"line":57,"column":7},"end":{"line":57,"column":11}},{"start":{"line":58,"column":8},"end":{"line":60,"column":15}}],"line":57},"3":{"loc":{"start":{"line":92,"column":9},"end":{"line":106,"column":9}},"type":"binary-expr","locations":[{"start":{"line":92,"column":9},"end":{"line":92,"column":23}},{"start":{"line":93,"column":10},"end":{"line":105,"column":17}}],"line":92}},"s":{"0":0,"1":0,"2":0,"3":0,"4":0,"5":0,"6":0,"7":0,"8":0},"f":{"0":0,"1":0},"b":{"0":[0,0],"1":[0,0],"2":[0,0],"3":[0,0]}}
,"/Users/anthony/Documents/DevWork/namlend-trust-main-3/namlend-mobile/src/components/ui/MenuItem.tsx": {"path":"/Users/anthony/Documents/DevWork/namlend-trust-main-3/namlend-mobile/src/components/ui/MenuItem.tsx","statementMap":{"0":{"start":{"line":23,"column":49},"end":{"line":128,"column":1}},"1":{"start":{"line":33,"column":29},"end":{"line":33,"column":39}},"2":{"start":{"line":35,"column":22},"end":{"line":38,"column":3}},"3":{"start":{"line":36,"column":4},"end":{"line":36,"column":59}},"4":{"start":{"line":37,"column":4},"end":{"line":37,"column":14}},"5":{"start":{"line":40,"column":2},"end":{"line":127,"column":4}},"6":{"start":{"line":130,"column":15},"end":{"line":164,"column":2}}},"fnMap":{"0":{"name":"(anonymous_0)","decl":{"start":{"line":23,"column":49},"end":{"line":23,"column":50}},"loc":{"start":{"line":32,"column":6},"end":{"line":128,"column":1}},"line":32},"1":{"name":"(anonymous_1)","decl":{"start":{"line":35,"column":22},"end":{"line":35,"column":23}},"loc":{"start":{"line":35,"column":28},"end":{"line":38,"column":3}},"line":35}},"branchMap":{"0":{"loc":{"start":{"line":28,"column":2},"end":{"line":28,"column":20}},"type":"default-arg","locations":[{"start":{"line":28,"column":16},"end":{"line":28,"column":20}}],"line":28},"1":{"loc":{"start":{"line":82,"column":9},"end":{"line":95,"column":9}},"type":"binary-expr","locations":[{"start":{"line":82,"column":9},"end":{"line":82,"column":17}},{"start":{"line":83,"column":10},"end":{"line":94,"column":17}}],"line":82},"2":{"loc":{"start":{"line":98,"column":7},"end":{"line":121,"column":7}},"type":"binary-expr","locations":[{"start":{"line":98,"column":7},"end":{"line":98,"column":12}},{"start":{"line":99,"column":8},"end":{"line":120,"column":15}}],"line":98},"3":{"loc":{"start":{"line":123,"column":7},"end":{"line":125,"column":7}},"type":"binary-expr","locations":[{"start":{"line":123,"column":7},"end":{"line":123,"column":18}},{"start":{"line":124,"column":8},"end":{"line":124,"column":62}}],"line":123}},"s":{"0":0,"1":0,"2":0,"3":0,"4":0,"5":0,"6":0},"f":{"0":0,"1":0},"b":{"0":[0],"1":[0,0],"2":[0,0],"3":[0,0]}}
,"/Users/anthony/Documents/DevWork/namlend-trust-main-3/namlend-mobile/src/components/ui/NumericKeypad.tsx": {"path":"/Users/anthony/Documents/DevWork/namlend-trust-main-3/namlend-mobile/src/components/ui/NumericKeypad.tsx","statementMap":{"0":{"start":{"line":21,"column":59},"end":{"line":114,"column":1}},"1":{"start":{"line":30,"column":22},"end":{"line":33,"column":3}},"2":{"start":{"line":31,"column":4},"end":{"line":31,"column":59}},"3":{"start":{"line":32,"column":4},"end":{"line":32,"column":25}},"4":{"start":{"line":35,"column":23},"end":{"line":38,"column":3}},"5":{"start":{"line":36,"column":4},"end":{"line":36,"column":60}},"6":{"start":{"line":37,"column":4},"end":{"line":37,"column":20}},"7":{"start":{"line":40,"column":24},"end":{"line":45,"column":3}},"8":{"start":{"line":41,"column":4},"end":{"line":44,"column":5}},"9":{"start":{"line":42,"column":6},"end":{"line":42,"column":62}},"10":{"start":{"line":43,"column":6},"end":{"line":43,"column":23}},"11":{"start":{"line":47,"column":23},"end":{"line":58,"column":3}},"12":{"start":{"line":48,"column":4},"end":{"line":57,"column":23}},"13":{"start":{"line":50,"column":21},"end":{"line":50,"column":39}},"14":{"start":{"line":60,"column":2},"end":{"line":113,"column":4}}},"fnMap":{"0":{"name":"(anonymous_0)","decl":{"start":{"line":21,"column":59},"end":{"line":21,"column":60}},"loc":{"start":{"line":29,"column":6},"end":{"line":114,"column":1}},"line":29},"1":{"name":"(anonymous_1)","decl":{"start":{"line":30,"column":22},"end":{"line":30,"column":23}},"loc":{"start":{"line":30,"column":41},"end":{"line":33,"column":3}},"line":30},"2":{"name":"(anonymous_2)","decl":{"start":{"line":35,"column":23},"end":{"line":35,"column":24}},"loc":{"start":{"line":35,"column":29},"end":{"line":38,"column":3}},"line":35},"3":{"name":"(anonymous_3)","decl":{"start":{"line":40,"column":24},"end":{"line":40,"column":25}},"loc":{"start":{"line":40,"column":30},"end":{"line":45,"column":3}},"line":40},"4":{"name":"(anonymous_4)","decl":{"start":{"line":47,"column":23},"end":{"line":47,"column":24}},"loc":{"start":{"line":48,"column":4},"end":{"line":57,"column":23}},"line":48},"5":{"name":"(anonymous_5)","decl":{"start":{"line":50,"column":15},"end":{"line":50,"column":16}},"loc":{"start":{"line":50,"column":21},"end":{"line":50,"column":39}},"line":50}},"branchMap":{"0":{"loc":{"start":{"line":25,"column":2},"end":{"line":25,"column":20}},"type":"default-arg","locations":[{"start":{"line":25,"column":16},"end":{"line":25,"column":20}}],"line":25},"1":{"loc":{"start":{"line":26,"column":2},"end":{"line":26,"column":23}},"type":"default-arg","locations":[{"start":{"line":26,"column":17},"end":{"line":26,"column":23}}],"line":26},"2":{"loc":{"start":{"line":41,"column":4},"end":{"line":44,"column":5}},"type":"if","locations":[{"start":{"line":41,"column":4},"end":{"line":44,"column":5}},{"start":{},"end":{}}],"line":41},"3":{"loc":{"start":{"line":47,"column":39},"end":{"line":47,"column":56}},"type":"default-arg","locations":[{"start":{"line":47,"column":51},"end":{"line":47,"column":56}}],"line":47},"4":{"loc":{"start":{"line":51,"column":78},"end":{"line":51,"column":111}},"type":"cond-expr","locations":[{"start":{"line":51,"column":90},"end":{"line":51,"column":106}},{"start":{"line":51,"column":109},"end":{"line":51,"column":111}}],"line":51},"5":{"loc":{"start":{"line":85,"column":9},"end":{"line":89,"column":9}},"type":"cond-expr","locations":[{"start":{"line":86,"column":10},"end":{"line":86,"column":33}},{"start":{"line":88,"column":10},"end":{"line":88,"column":49}}],"line":85},"6":{"loc":{"start":{"line":101,"column":7},"end":{"line":111,"column":7}},"type":"binary-expr","locations":[{"start":{"line":101,"column":7},"end":{"line":101,"column":21}},{"start":{"line":102,"column":8},"end":{"line":110,"column":27}}],"line":101}},"s":{"0":0,"1":0,"2":0,"3":0,"4":0,"5":0,"6":0,"7":0,"8":0,"9":0,"10":0,"11":0,"12":0,"13":0,"14":0},"f":{"0":0,"1":0,"2":0,"3":0,"4":0,"5":0},"b":{"0":[0],"1":[0],"2":[0,0],"3":[0],"4":[0,0],"5":[0,0],"6":[0,0]}}
,"/Users/anthony/Documents/DevWork/namlend-trust-main-3/namlend-mobile/src/components/ui/PrimaryButton.tsx": {"path":"/Users/anthony/Documents/DevWork/namlend-trust-main-3/namlend-mobile/src/components/ui/PrimaryButton.tsx","statementMap":{"0":{"start":{"line":31,"column":59},"end":{"line":121,"column":1}},"1":{"start":{"line":42,"column":29},"end":{"line":42,"column":39}},"2":{"start":{"line":44,"column":22},"end":{"line":49,"column":3}},"3":{"start":{"line":45,"column":4},"end":{"line":48,"column":5}},"4":{"start":{"line":46,"column":6},"end":{"line":46,"column":61}},"5":{"start":{"line":47,"column":6},"end":{"line":47,"column":16}},"6":{"start":{"line":51,"column":29},"end":{"line":63,"column":3}},"7":{"start":{"line":52,"column":4},"end":{"line":52,"column":43}},"8":{"start":{"line":52,"column":18},"end":{"line":52,"column":43}},"9":{"start":{"line":53,"column":4},"end":{"line":62,"column":5}},"10":{"start":{"line":55,"column":8},"end":{"line":55,"column":30}},"11":{"start":{"line":57,"column":8},"end":{"line":57,"column":30}},"12":{"start":{"line":59,"column":8},"end":{"line":59,"column":28}},"13":{"start":{"line":61,"column":8},"end":{"line":61,"column":30}},"14":{"start":{"line":65,"column":23},"end":{"line":69,"column":3}},"15":{"start":{"line":66,"column":4},"end":{"line":66,"column":45}},"16":{"start":{"line":66,"column":18},"end":{"line":66,"column":45}},"17":{"start":{"line":67,"column":4},"end":{"line":67,"column":59}},"18":{"start":{"line":67,"column":33},"end":{"line":67,"column":59}},"19":{"start":{"line":68,"column":4},"end":{"line":68,"column":21}},"20":{"start":{"line":71,"column":20},"end":{"line":82,"column":3}},"21":{"start":{"line":72,"column":4},"end":{"line":81,"column":5}},"22":{"start":{"line":74,"column":8},"end":{"line":74,"column":18}},"23":{"start":{"line":76,"column":8},"end":{"line":76,"column":18}},"24":{"start":{"line":78,"column":8},"end":{"line":78,"column":18}},"25":{"start":{"line":80,"column":8},"end":{"line":80,"column":18}},"26":{"start":{"line":84,"column":2},"end":{"line":120,"column":4}},"27":{"start":{"line":89,"column":30},"end":{"line":100,"column":7}},"28":{"start":{"line":123,"column":15},"end":{"line":135,"column":2}}},"fnMap":{"0":{"name":"(anonymous_0)","decl":{"start":{"line":31,"column":59},"end":{"line":31,"column":60}},"loc":{"start":{"line":41,"column":6},"end":{"line":121,"column":1}},"line":41},"1":{"name":"(anonymous_1)","decl":{"start":{"line":44,"column":22},"end":{"line":44,"column":23}},"loc":{"start":{"line":44,"column":28},"end":{"line":49,"column":3}},"line":44},"2":{"name":"(anonymous_2)","decl":{"start":{"line":51,"column":29},"end":{"line":51,"column":30}},"loc":{"start":{"line":51,"column":35},"end":{"line":63,"column":3}},"line":51},"3":{"name":"(anonymous_3)","decl":{"start":{"line":65,"column":23},"end":{"line":65,"column":24}},"loc":{"start":{"line":65,"column":29},"end":{"line":69,"column":3}},"line":65},"4":{"name":"(anonymous_4)","decl":{"start":{"line":71,"column":20},"end":{"line":71,"column":21}},"loc":{"start":{"line":71,"column":26},"end":{"line":82,"column":3}},"line":71},"5":{"name":"(anonymous_5)","decl":{"start":{"line":89,"column":13},"end":{"line":89,"column":14}},"loc":{"start":{"line":89,"column":30},"end":{"line":100,"column":7}},"line":89}},"branchMap":{"0":{"loc":{"start":{"line":34,"column":2},"end":{"line":34,"column":18}},"type":"default-arg","locations":[{"start":{"line":34,"column":13},"end":{"line":34,"column":18}}],"line":34},"1":{"loc":{"start":{"line":35,"column":2},"end":{"line":35,"column":17}},"type":"default-arg","locations":[{"start":{"line":35,"column":12},"end":{"line":35,"column":17}}],"line":35},"2":{"loc":{"start":{"line":36,"column":2},"end":{"line":36,"column":21}},"type":"default-arg","locations":[{"start":{"line":36,"column":12},"end":{"line":36,"column":21}}],"line":36},"3":{"loc":{"start":{"line":37,"column":2},"end":{"line":37,"column":16}},"type":"default-arg","locations":[{"start":{"line":37,"column":9},"end":{"line":37,"column":16}}],"line":37},"4":{"loc":{"start":{"line":45,"column":4},"end":{"line":48,"column":5}},"type":"if","locations":[{"start":{"line":45,"column":4},"end":{"line":48,"column":5}},{"start":{},"end":{}}],"line":45},"5":{"loc":{"start":{"line":45,"column":8},"end":{"line":45,"column":29}},"type":"binary-expr","locations":[{"start":{"line":45,"column":8},"end":{"line":45,"column":17}},{"start":{"line":45,"column":21},"end":{"line":45,"column":29}}],"line":45},"6":{"loc":{"start":{"line":52,"column":4},"end":{"line":52,"column":43}},"type":"if","locations":[{"start":{"line":52,"column":4},"end":{"line":52,"column":43}},{"start":{},"end":{}}],"line":52},"7":{"loc":{"start":{"line":53,"column":4},"end":{"line":62,"column":5}},"type":"switch","locations":[{"start":{"line":54,"column":6},"end":{"line":55,"column":30}},{"start":{"line":56,"column":6},"end":{"line":57,"column":30}},{"start":{"line":58,"column":6},"end":{"line":59,"column":28}},{"start":{"line":60,"column":6},"end":{"line":61,"column":30}}],"line":53},"8":{"loc":{"start":{"line":66,"column":4},"end":{"line":66,"column":45}},"type":"if","locations":[{"start":{"line":66,"column":4},"end":{"line":66,"column":45}},{"start":{},"end":{}}],"line":66},"9":{"loc":{"start":{"line":67,"column":4},"end":{"line":67,"column":59}},"type":"if","locations":[{"start":{"line":67,"column":4},"end":{"line":67,"column":59}},{"start":{},"end":{}}],"line":67},"10":{"loc":{"start":{"line":72,"column":4},"end":{"line":81,"column":5}},"type":"switch","locations":[{"start":{"line":73,"column":6},"end":{"line":74,"column":18}},{"start":{"line":75,"column":6},"end":{"line":76,"column":18}},{"start":{"line":77,"column":6},"end":{"line":78,"column":18}},{"start":{"line":79,"column":6},"end":{"line":80,"column":18}}],"line":72},"11":{"loc":{"start":{"line":87,"column":16},"end":{"line":87,"column":35}},"type":"binary-expr","locations":[{"start":{"line":87,"column":16},"end":{"line":87,"column":24}},{"start":{"line":87,"column":28},"end":{"line":87,"column":35}}],"line":87},"12":{"loc":{"start":{"line":95,"column":19},"end":{"line":95,"column":36}},"type":"cond-expr","locations":[{"start":{"line":95,"column":29},"end":{"line":95,"column":32}},{"start":{"line":95,"column":35},"end":{"line":95,"column":36}}],"line":95},"13":{"loc":{"start":{"line":96,"column":31},"end":{"line":96,"column":49}},"type":"cond-expr","locations":[{"start":{"line":96,"column":41},"end":{"line":96,"column":45}},{"start":{"line":96,"column":48},"end":{"line":96,"column":49}}],"line":96},"14":{"loc":{"start":{"line":98,"column":8},"end":{"line":98,"column":35}},"type":"binary-expr","locations":[{"start":{"line":98,"column":8},"end":{"line":98,"column":16}},{"start":{"line":98,"column":20},"end":{"line":98,"column":35}}],"line":98},"15":{"loc":{"start":{"line":102,"column":7},"end":{"line":118,"column":7}},"type":"cond-expr","locations":[{"start":{"line":103,"column":8},"end":{"line":103,"column":52}},{"start":{"line":105,"column":8},"end":{"line":117,"column":15}}],"line":102}},"s":{"0":0,"1":0,"2":0,"3":0,"4":0,"5":0,"6":0,"7":0,"8":0,"9":0,"10":0,"11":0,"12":0,"13":0,"14":0,"15":0,"16":0,"17":0,"18":0,"19":0,"20":0,"21":0,"22":0,"23":0,"24":0,"25":0,"26":0,"27":0,"28":0},"f":{"0":0,"1":0,"2":0,"3":0,"4":0,"5":0},"b":{"0":[0],"1":[0],"2":[0],"3":[0],"4":[0,0],"5":[0,0],"6":[0,0],"7":[0,0,0,0],"8":[0,0],"9":[0,0],"10":[0,0,0,0],"11":[0,0],"12":[0,0],"13":[0,0],"14":[0,0],"15":[0,0]}}
,"/Users/anthony/Documents/DevWork/namlend-trust-main-3/namlend-mobile/src/components/ui/ThemeToggle.tsx": {"path":"/Users/anthony/Documents/DevWork/namlend-trust-main-3/namlend-mobile/src/components/ui/ThemeToggle.tsx","statementMap":{"0":{"start":{"line":16,"column":55},"end":{"line":70,"column":1}},"1":{"start":{"line":17,"column":48},"end":{"line":17,"column":58}},"2":{"start":{"line":19,"column":2},"end":{"line":69,"column":4}},"3":{"start":{"line":72,"column":15},"end":{"line":83,"column":2}}},"fnMap":{"0":{"name":"(anonymous_0)","decl":{"start":{"line":16,"column":55},"end":{"line":16,"column":56}},"loc":{"start":{"line":16,"column":70},"end":{"line":70,"column":1}},"line":16}},"branchMap":{"0":{"loc":{"start":{"line":34,"column":9},"end":{"line":66,"column":9}},"type":"cond-expr","locations":[{"start":{"line":35,"column":10},"end":{"line":49,"column":13}},{"start":{"line":51,"column":10},"end":{"line":65,"column":13}}],"line":34}},"s":{"0":0,"1":0,"2":0,"3":0},"f":{"0":0},"b":{"0":[0,0]}}
,"/Users/anthony/Documents/DevWork/namlend-trust-main-3/namlend-mobile/src/components/ui/TransactionItem.tsx": {"path":"/Users/anthony/Documents/DevWork/namlend-trust-main-3/namlend-mobile/src/components/ui/TransactionItem.tsx","statementMap":{"0":{"start":{"line":23,"column":63},"end":{"line":133,"column":1}},"1":{"start":{"line":33,"column":29},"end":{"line":33,"column":39}},"2":{"start":{"line":35,"column":24},"end":{"line":35,"column":82}},"3":{"start":{"line":37,"column":23},"end":{"line":39,"column":3}},"4":{"start":{"line":38,"column":4},"end":{"line":38,"column":61}},"5":{"start":{"line":41,"column":25},"end":{"line":43,"column":3}},"6":{"start":{"line":42,"column":4},"end":{"line":42,"column":61}},"7":{"start":{"line":45,"column":23},"end":{"line":51,"column":3}},"8":{"start":{"line":46,"column":22},"end":{"line":49,"column":6}},"9":{"start":{"line":50,"column":4},"end":{"line":50,"column":65}},"10":{"start":{"line":53,"column":22},"end":{"line":58,"column":3}},"11":{"start":{"line":54,"column":4},"end":{"line":57,"column":5}},"12":{"start":{"line":55,"column":6},"end":{"line":55,"column":61}},"13":{"start":{"line":56,"column":6},"end":{"line":56,"column":16}},"14":{"start":{"line":60,"column":20},"end":{"line":60,"column":53}},"15":{"start":{"line":62,"column":2},"end":{"line":132,"column":4}},"16":{"start":{"line":135,"column":15},"end":{"line":161,"column":2}}},"fnMap":{"0":{"name":"(anonymous_0)","decl":{"start":{"line":23,"column":63},"end":{"line":23,"column":64}},"loc":{"start":{"line":32,"column":6},"end":{"line":133,"column":1}},"line":32},"1":{"name":"(anonymous_1)","decl":{"start":{"line":37,"column":23},"end":{"line":37,"column":24}},"loc":{"start":{"line":37,"column":29},"end":{"line":39,"column":3}},"line":37},"2":{"name":"(anonymous_2)","decl":{"start":{"line":41,"column":25},"end":{"line":41,"column":26}},"loc":{"start":{"line":41,"column":31},"end":{"line":43,"column":3}},"line":41},"3":{"name":"(anonymous_3)","decl":{"start":{"line":45,"column":23},"end":{"line":45,"column":24}},"loc":{"start":{"line":45,"column":50},"end":{"line":51,"column":3}},"line":45},"4":{"name":"(anonymous_4)","decl":{"start":{"line":53,"column":22},"end":{"line":53,"column":23}},"loc":{"start":{"line":53,"column":28},"end":{"line":58,"column":3}},"line":53}},"branchMap":{"0":{"loc":{"start":{"line":29,"column":2},"end":{"line":29,"column":17}},"type":"default-arg","locations":[{"start":{"line":29,"column":13},"end":{"line":29,"column":17}}],"line":29},"1":{"loc":{"start":{"line":35,"column":24},"end":{"line":35,"column":82}},"type":"binary-expr","locations":[{"start":{"line":35,"column":24},"end":{"line":35,"column":28}},{"start":{"line":35,"column":33},"end":{"line":35,"column":81}}],"line":35},"2":{"loc":{"start":{"line":35,"column":33},"end":{"line":35,"column":81}},"type":"cond-expr","locations":[{"start":{"line":35,"column":53},"end":{"line":35,"column":65}},{"start":{"line":35,"column":68},"end":{"line":35,"column":81}}],"line":35},"3":{"loc":{"start":{"line":38,"column":11},"end":{"line":38,"column":60}},"type":"cond-expr","locations":[{"start":{"line":38,"column":31},"end":{"line":38,"column":45}},{"start":{"line":38,"column":48},"end":{"line":38,"column":60}}],"line":38},"4":{"loc":{"start":{"line":42,"column":11},"end":{"line":42,"column":60}},"type":"cond-expr","locations":[{"start":{"line":42,"column":31},"end":{"line":42,"column":45}},{"start":{"line":42,"column":48},"end":{"line":42,"column":60}}],"line":42},"5":{"loc":{"start":{"line":50,"column":11},"end":{"line":50,"column":64}},"type":"cond-expr","locations":[{"start":{"line":50,"column":31},"end":{"line":50,"column":46}},{"start":{"line":50,"column":49},"end":{"line":50,"column":64}}],"line":50},"6":{"loc":{"start":{"line":54,"column":4},"end":{"line":57,"column":5}},"type":"if","locations":[{"start":{"line":54,"column":4},"end":{"line":57,"column":5}},{"start":{},"end":{}}],"line":54},"7":{"loc":{"start":{"line":60,"column":20},"end":{"line":60,"column":53}},"type":"cond-expr","locations":[{"start":{"line":60,"column":30},"end":{"line":60,"column":46}},{"start":{"line":60,"column":49},"end":{"line":60,"column":53}}],"line":60},"8":{"loc":{"start":{"line":102,"column":9},"end":{"line":116,"column":9}},"type":"binary-expr","locations":[{"start":{"line":102,"column":9},"end":{"line":102,"column":17}},{"start":{"line":103,"column":10},"end":{"line":115,"column":17}}],"line":102}},"s":{"0":0,"1":0,"2":0,"3":0,"4":0,"5":0,"6":0,"7":0,"8":0,"9":0,"10":0,"11":0,"12":0,"13":0,"14":0,"15":0,"16":0},"f":{"0":0,"1":0,"2":0,"3":0,"4":0},"b":{"0":[0],"1":[0,0],"2":[0,0],"3":[0,0],"4":[0,0],"5":[0,0],"6":[0,0],"7":[0,0],"8":[0,0]}}
,"/Users/anthony/Documents/DevWork/namlend-trust-main-3/namlend-mobile/src/components/ui/index.ts": {"path":"/Users/anthony/Documents/DevWork/namlend-trust-main-3/namlend-mobile/src/components/ui/index.ts","statementMap":{},"fnMap":{},"branchMap":{},"s":{},"f":{},"b":{}}
,"/Users/anthony/Documents/DevWork/namlend-trust-main-3/namlend-mobile/src/hooks/useApprovals.ts": {"path":"/Users/anthony/Documents/DevWork/namlend-trust-main-3/namlend-mobile/src/hooks/useApprovals.ts","statementMap":{"0":{"start":{"line":12,"column":32},"end":{"line":22,"column":1}},"1":{"start":{"line":17,"column":2},"end":{"line":21,"column":5}},"2":{"start":{"line":19,"column":19},"end":{"line":19,"column":60}},"3":{"start":{"line":27,"column":34},"end":{"line":33,"column":1}},"4":{"start":{"line":28,"column":2},"end":{"line":32,"column":5}},"5":{"start":{"line":30,"column":19},"end":{"line":30,"column":55}},"6":{"start":{"line":38,"column":32},"end":{"line":44,"column":1}},"7":{"start":{"line":39,"column":2},"end":{"line":43,"column":5}},"8":{"start":{"line":41,"column":19},"end":{"line":41,"column":53}},"9":{"start":{"line":49,"column":33},"end":{"line":61,"column":1}},"10":{"start":{"line":50,"column":22},"end":{"line":50,"column":38}},"11":{"start":{"line":52,"column":2},"end":{"line":60,"column":5}},"12":{"start":{"line":54,"column":6},"end":{"line":54,"column":54}},"13":{"start":{"line":57,"column":6},"end":{"line":57,"column":65}},"14":{"start":{"line":58,"column":6},"end":{"line":58,"column":64}},"15":{"start":{"line":66,"column":32},"end":{"line":77,"column":1}},"16":{"start":{"line":67,"column":22},"end":{"line":67,"column":38}},"17":{"start":{"line":69,"column":2},"end":{"line":76,"column":5}},"18":{"start":{"line":71,"column":6},"end":{"line":71,"column":53}},"19":{"start":{"line":73,"column":6},"end":{"line":73,"column":65}},"20":{"start":{"line":74,"column":6},"end":{"line":74,"column":64}},"21":{"start":{"line":82,"column":39},"end":{"line":93,"column":1}},"22":{"start":{"line":83,"column":22},"end":{"line":83,"column":38}},"23":{"start":{"line":85,"column":2},"end":{"line":92,"column":5}},"24":{"start":{"line":87,"column":6},"end":{"line":87,"column":58}},"25":{"start":{"line":89,"column":6},"end":{"line":89,"column":64}},"26":{"start":{"line":90,"column":6},"end":{"line":90,"column":65}},"27":{"start":{"line":98,"column":38},"end":{"line":109,"column":1}},"28":{"start":{"line":99,"column":22},"end":{"line":99,"column":38}},"29":{"start":{"line":101,"column":2},"end":{"line":108,"column":5}},"30":{"start":{"line":103,"column":6},"end":{"line":103,"column":57}},"31":{"start":{"line":105,"column":6},"end":{"line":105,"column":64}},"32":{"start":{"line":106,"column":6},"end":{"line":106,"column":65}}},"fnMap":{"0":{"name":"(anonymous_0)","decl":{"start":{"line":12,"column":32},"end":{"line":12,"column":33}},"loc":{"start":{"line":16,"column":6},"end":{"line":22,"column":1}},"line":16},"1":{"name":"(anonymous_1)","decl":{"start":{"line":19,"column":13},"end":{"line":19,"column":14}},"loc":{"start":{"line":19,"column":19},"end":{"line":19,"column":60}},"line":19},"2":{"name":"(anonymous_2)","decl":{"start":{"line":27,"column":34},"end":{"line":27,"column":35}},"loc":{"start":{"line":27,"column":40},"end":{"line":33,"column":1}},"line":27},"3":{"name":"(anonymous_3)","decl":{"start":{"line":30,"column":13},"end":{"line":30,"column":14}},"loc":{"start":{"line":30,"column":19},"end":{"line":30,"column":55}},"line":30},"4":{"name":"(anonymous_4)","decl":{"start":{"line":38,"column":32},"end":{"line":38,"column":33}},"loc":{"start":{"line":38,"column":38},"end":{"line":44,"column":1}},"line":38},"5":{"name":"(anonymous_5)","decl":{"start":{"line":41,"column":13},"end":{"line":41,"column":14}},"loc":{"start":{"line":41,"column":19},"end":{"line":41,"column":53}},"line":41},"6":{"name":"(anonymous_6)","decl":{"start":{"line":49,"column":33},"end":{"line":49,"column":34}},"loc":{"start":{"line":49,"column":39},"end":{"line":61,"column":1}},"line":49},"7":{"name":"(anonymous_7)","decl":{"start":{"line":53,"column":16},"end":{"line":53,"column":17}},"loc":{"start":{"line":54,"column":6},"end":{"line":54,"column":54}},"line":54},"8":{"name":"(anonymous_8)","decl":{"start":{"line":55,"column":15},"end":{"line":55,"column":16}},"loc":{"start":{"line":55,"column":21},"end":{"line":59,"column":5}},"line":55},"9":{"name":"(anonymous_9)","decl":{"start":{"line":66,"column":32},"end":{"line":66,"column":33}},"loc":{"start":{"line":66,"column":38},"end":{"line":77,"column":1}},"line":66},"10":{"name":"(anonymous_10)","decl":{"start":{"line":70,"column":16},"end":{"line":70,"column":17}},"loc":{"start":{"line":71,"column":6},"end":{"line":71,"column":53}},"line":71},"11":{"name":"(anonymous_11)","decl":{"start":{"line":72,"column":15},"end":{"line":72,"column":16}},"loc":{"start":{"line":72,"column":21},"end":{"line":75,"column":5}},"line":72},"12":{"name":"(anonymous_12)","decl":{"start":{"line":82,"column":39},"end":{"line":82,"column":40}},"loc":{"start":{"line":82,"column":45},"end":{"line":93,"column":1}},"line":82},"13":{"name":"(anonymous_13)","decl":{"start":{"line":86,"column":16},"end":{"line":86,"column":17}},"loc":{"start":{"line":87,"column":6},"end":{"line":87,"column":58}},"line":87},"14":{"name":"(anonymous_14)","decl":{"start":{"line":88,"column":15},"end":{"line":88,"column":16}},"loc":{"start":{"line":88,"column":21},"end":{"line":91,"column":5}},"line":88},"15":{"name":"(anonymous_15)","decl":{"start":{"line":98,"column":38},"end":{"line":98,"column":39}},"loc":{"start":{"line":98,"column":44},"end":{"line":109,"column":1}},"line":98},"16":{"name":"(anonymous_16)","decl":{"start":{"line":102,"column":16},"end":{"line":102,"column":17}},"loc":{"start":{"line":103,"column":6},"end":{"line":103,"column":57}},"line":103},"17":{"name":"(anonymous_17)","decl":{"start":{"line":104,"column":15},"end":{"line":104,"column":16}},"loc":{"start":{"line":104,"column":21},"end":{"line":107,"column":5}},"line":104}},"branchMap":{},"s":{"0":0,"1":0,"2":0,"3":0,"4":0,"5":0,"6":0,"7":0,"8":0,"9":0,"10":0,"11":0,"12":0,"13":0,"14":0,"15":0,"16":0,"17":0,"18":0,"19":0,"20":0,"21":0,"22":0,"23":0,"24":0,"25":0,"26":0,"27":0,"28":0,"29":0,"30":0,"31":0,"32":0},"f":{"0":0,"1":0,"2":0,"3":0,"4":0,"5":0,"6":0,"7":0,"8":0,"9":0,"10":0,"11":0,"12":0,"13":0,"14":0,"15":0,"16":0,"17":0},"b":{}}
,"/Users/anthony/Documents/DevWork/namlend-trust-main-3/namlend-mobile/src/hooks/useAuth.ts": {"path":"/Users/anthony/Documents/DevWork/namlend-trust-main-3/namlend-mobile/src/hooks/useAuth.ts","statementMap":{"0":{"start":{"line":12,"column":23},"end":{"line":150,"column":1}},"1":{"start":{"line":28,"column":6},"end":{"line":28,"column":20}},"2":{"start":{"line":30,"column":2},"end":{"line":84,"column":145}},"3":{"start":{"line":31,"column":27},"end":{"line":54,"column":5}},"4":{"start":{"line":32,"column":6},"end":{"line":53,"column":7}},"5":{"start":{"line":33,"column":8},"end":{"line":33,"column":58}},"6":{"start":{"line":34,"column":8},"end":{"line":34,"column":25}},"7":{"start":{"line":35,"column":31},"end":{"line":35,"column":61}},"8":{"start":{"line":36,"column":8},"end":{"line":36,"column":78}},"9":{"start":{"line":37,"column":8},"end":{"line":42,"column":9}},"10":{"start":{"line":38,"column":10},"end":{"line":38,"column":37}},"11":{"start":{"line":39,"column":27},"end":{"line":39,"column":58}},"12":{"start":{"line":40,"column":10},"end":{"line":40,"column":69}},"13":{"start":{"line":41,"column":10},"end":{"line":41,"column":28}},"14":{"start":{"line":43,"column":35},"end":{"line":43,"column":75}},"15":{"start":{"line":44,"column":8},"end":{"line":44,"column":67}},"16":{"start":{"line":45,"column":8},"end":{"line":45,"column":48}},"17":{"start":{"line":46,"column":8},"end":{"line":46,"column":54}},"18":{"start":{"line":48,"column":8},"end":{"line":48,"column":61}},"19":{"start":{"line":50,"column":8},"end":{"line":50,"column":51}},"20":{"start":{"line":51,"column":8},"end":{"line":51,"column":26}},"21":{"start":{"line":52,"column":8},"end":{"line":52,"column":36}},"22":{"start":{"line":56,"column":4},"end":{"line":62,"column":5}},"23":{"start":{"line":58,"column":6},"end":{"line":58,"column":23}},"24":{"start":{"line":61,"column":6},"end":{"line":61,"column":24}},"25":{"start":{"line":65,"column":4},"end":{"line":83,"column":5}},"26":{"start":{"line":66,"column":37},"end":{"line":80,"column":7}},"27":{"start":{"line":68,"column":10},"end":{"line":68,"column":55}},"28":{"start":{"line":69,"column":10},"end":{"line":69,"column":30}},"29":{"start":{"line":70,"column":10},"end":{"line":78,"column":11}},"30":{"start":{"line":71,"column":29},"end":{"line":71,"column":60}},"31":{"start":{"line":72,"column":12},"end":{"line":72,"column":30}},"32":{"start":{"line":73,"column":17},"end":{"line":78,"column":11}},"33":{"start":{"line":74,"column":12},"end":{"line":74,"column":26}},"34":{"start":{"line":75,"column":17},"end":{"line":78,"column":11}},"35":{"start":{"line":76,"column":29},"end":{"line":76,"column":60}},"36":{"start":{"line":77,"column":12},"end":{"line":77,"column":30}},"37":{"start":{"line":81,"column":6},"end":{"line":81,"column":33}},"38":{"start":{"line":86,"column":17},"end":{"line":106,"column":3}},"39":{"start":{"line":87,"column":4},"end":{"line":105,"column":5}},"40":{"start":{"line":88,"column":6},"end":{"line":88,"column":23}},"41":{"start":{"line":89,"column":21},"end":{"line":89,"column":62}},"42":{"start":{"line":91,"column":6},"end":{"line":93,"column":7}},"43":{"start":{"line":92,"column":8},"end":{"line":92,"column":55}},"44":{"start":{"line":95,"column":6},"end":{"line":95,"column":27}},"45":{"start":{"line":96,"column":6},"end":{"line":96,"column":31}},"46":{"start":{"line":98,"column":6},"end":{"line":98,"column":45}},"47":{"start":{"line":99,"column":6},"end":{"line":102,"column":8}},"48":{"start":{"line":104,"column":6},"end":{"line":104,"column":24}},"49":{"start":{"line":108,"column":18},"end":{"line":128,"column":3}},"50":{"start":{"line":109,"column":4},"end":{"line":127,"column":5}},"51":{"start":{"line":110,"column":6},"end":{"line":110,"column":23}},"52":{"start":{"line":111,"column":21},"end":{"line":111,"column":48}},"53":{"start":{"line":113,"column":6},"end":{"line":115,"column":7}},"54":{"start":{"line":114,"column":8},"end":{"line":114,"column":55}},"55":{"start":{"line":117,"column":6},"end":{"line":117,"column":21}},"56":{"start":{"line":118,"column":6},"end":{"line":118,"column":31}},"57":{"start":{"line":120,"column":6},"end":{"line":120,"column":46}},"58":{"start":{"line":121,"column":6},"end":{"line":124,"column":8}},"59":{"start":{"line":126,"column":6},"end":{"line":126,"column":24}},"60":{"start":{"line":130,"column":36},"end":{"line":138,"column":3}},"61":{"start":{"line":131,"column":4},"end":{"line":137,"column":5}},"62":{"start":{"line":132,"column":22},"end":{"line":132,"column":67}},"63":{"start":{"line":133,"column":6},"end":{"line":133,"column":25}},"64":{"start":{"line":135,"column":6},"end":{"line":135,"column":52}},"65":{"start":{"line":136,"column":6},"end":{"line":136,"column":32}},"66":{"start":{"line":140,"column":2},"end":{"line":149,"column":4}}},"fnMap":{"0":{"name":"(anonymous_0)","decl":{"start":{"line":12,"column":23},"end":{"line":12,"column":24}},"loc":{"start":{"line":12,"column":29},"end":{"line":150,"column":1}},"line":12},"1":{"name":"(anonymous_1)","decl":{"start":{"line":30,"column":12},"end":{"line":30,"column":13}},"loc":{"start":{"line":30,"column":18},"end":{"line":84,"column":3}},"line":30},"2":{"name":"(anonymous_2)","decl":{"start":{"line":31,"column":27},"end":{"line":31,"column":28}},"loc":{"start":{"line":31,"column":39},"end":{"line":54,"column":5}},"line":31},"3":{"name":"(anonymous_3)","decl":{"start":{"line":67,"column":8},"end":{"line":67,"column":9}},"loc":{"start":{"line":67,"column":67},"end":{"line":79,"column":9}},"line":67},"4":{"name":"(anonymous_4)","decl":{"start":{"line":86,"column":17},"end":{"line":86,"column":18}},"loc":{"start":{"line":86,"column":60},"end":{"line":106,"column":3}},"line":86},"5":{"name":"(anonymous_5)","decl":{"start":{"line":108,"column":18},"end":{"line":108,"column":19}},"loc":{"start":{"line":108,"column":30},"end":{"line":128,"column":3}},"line":108},"6":{"name":"(anonymous_6)","decl":{"start":{"line":130,"column":36},"end":{"line":130,"column":37}},"loc":{"start":{"line":130,"column":48},"end":{"line":138,"column":3}},"line":130}},"branchMap":{"0":{"loc":{"start":{"line":36,"column":43},"end":{"line":36,"column":76}},"type":"cond-expr","locations":[{"start":{"line":36,"column":60},"end":{"line":36,"column":67}},{"start":{"line":36,"column":70},"end":{"line":36,"column":76}}],"line":36},"1":{"loc":{"start":{"line":37,"column":8},"end":{"line":42,"column":9}},"type":"if","locations":[{"start":{"line":37,"column":8},"end":{"line":42,"column":9}},{"start":{},"end":{}}],"line":37},"2":{"loc":{"start":{"line":40,"column":39},"end":{"line":40,"column":67}},"type":"cond-expr","locations":[{"start":{"line":40,"column":50},"end":{"line":40,"column":58}},{"start":{"line":40,"column":61},"end":{"line":40,"column":67}}],"line":40},"3":{"loc":{"start":{"line":56,"column":4},"end":{"line":62,"column":5}},"type":"if","locations":[{"start":{"line":56,"column":4},"end":{"line":62,"column":5}},{"start":{"line":59,"column":11},"end":{"line":62,"column":5}}],"line":56},"4":{"loc":{"start":{"line":65,"column":4},"end":{"line":83,"column":5}},"type":"if","locations":[{"start":{"line":65,"column":4},"end":{"line":83,"column":5}},{"start":{},"end":{}}],"line":65},"5":{"loc":{"start":{"line":70,"column":10},"end":{"line":78,"column":11}},"type":"if","locations":[{"start":{"line":70,"column":10},"end":{"line":78,"column":11}},{"start":{"line":73,"column":17},"end":{"line":78,"column":11}}],"line":70},"6":{"loc":{"start":{"line":70,"column":14},"end":{"line":70,"column":46}},"type":"binary-expr","locations":[{"start":{"line":70,"column":14},"end":{"line":70,"column":35}},{"start":{"line":70,"column":39},"end":{"line":70,"column":46}}],"line":70},"7":{"loc":{"start":{"line":73,"column":17},"end":{"line":78,"column":11}},"type":"if","locations":[{"start":{"line":73,"column":17},"end":{"line":78,"column":11}},{"start":{"line":75,"column":17},"end":{"line":78,"column":11}}],"line":73},"8":{"loc":{"start":{"line":75,"column":17},"end":{"line":78,"column":11}},"type":"if","locations":[{"start":{"line":75,"column":17},"end":{"line":78,"column":11}},{"start":{},"end":{}}],"line":75},"9":{"loc":{"start":{"line":75,"column":21},"end":{"line":75,"column":59}},"type":"binary-expr","locations":[{"start":{"line":75,"column":21},"end":{"line":75,"column":48}},{"start":{"line":75,"column":52},"end":{"line":75,"column":59}}],"line":75},"10":{"loc":{"start":{"line":91,"column":6},"end":{"line":93,"column":7}},"type":"if","locations":[{"start":{"line":91,"column":6},"end":{"line":93,"column":7}},{"start":{},"end":{}}],"line":91},"11":{"loc":{"start":{"line":101,"column":15},"end":{"line":101,"column":71}},"type":"cond-expr","locations":[{"start":{"line":101,"column":40},"end":{"line":101,"column":53}},{"start":{"line":101,"column":56},"end":{"line":101,"column":71}}],"line":101},"12":{"loc":{"start":{"line":113,"column":6},"end":{"line":115,"column":7}},"type":"if","locations":[{"start":{"line":113,"column":6},"end":{"line":115,"column":7}},{"start":{},"end":{}}],"line":113},"13":{"loc":{"start":{"line":123,"column":15},"end":{"line":123,"column":71}},"type":"cond-expr","locations":[{"start":{"line":123,"column":40},"end":{"line":123,"column":53}},{"start":{"line":123,"column":56},"end":{"line":123,"column":71}}],"line":123}},"s":{"0":0,"1":0,"2":0,"3":0,"4":0,"5":0,"6":0,"7":0,"8":0,"9":0,"10":0,"11":0,"12":0,"13":0,"14":0,"15":0,"16":0,"17":0,"18":0,"19":0,"20":0,"21":0,"22":0,"23":0,"24":0,"25":0,"26":0,"27":0,"28":0,"29":0,"30":0,"31":0,"32":0,"33":0,"34":0,"35":0,"36":0,"37":0,"38":0,"39":0,"40":0,"41":0,"42":0,"43":0,"44":0,"45":0,"46":0,"47":0,"48":0,"49":0,"50":0,"51":0,"52":0,"53":0,"54":0,"55":0,"56":0,"57":0,"58":0,"59":0,"60":0,"61":0,"62":0,"63":0,"64":0,"65":0,"66":0},"f":{"0":0,"1":0,"2":0,"3":0,"4":0,"5":0,"6":0},"b":{"0":[0,0],"1":[0,0],"2":[0,0],"3":[0,0],"4":[0,0],"5":[0,0],"6":[0,0],"7":[0,0],"8":[0,0],"9":[0,0],"10":[0,0],"11":[0,0],"12":[0,0],"13":[0,0]}}
,"/Users/anthony/Documents/DevWork/namlend-trust-main-3/namlend-mobile/src/hooks/useLoans.ts": {"path":"/Users/anthony/Documents/DevWork/namlend-trust-main-3/namlend-mobile/src/hooks/useLoans.ts","statementMap":{"0":{"start":{"line":12,"column":26},"end":{"line":19,"column":1}},"1":{"start":{"line":13,"column":2},"end":{"line":18,"column":5}},"2":{"start":{"line":15,"column":19},"end":{"line":15,"column":43}},"3":{"start":{"line":24,"column":23},"end":{"line":31,"column":1}},"4":{"start":{"line":25,"column":2},"end":{"line":30,"column":5}},"5":{"start":{"line":27,"column":19},"end":{"line":27,"column":50}},"6":{"start":{"line":36,"column":33},"end":{"line":42,"column":1}},"7":{"start":{"line":37,"column":2},"end":{"line":41,"column":5}},"8":{"start":{"line":39,"column":19},"end":{"line":39,"column":50}},"9":{"start":{"line":47,"column":36},"end":{"line":54,"column":1}},"10":{"start":{"line":48,"column":2},"end":{"line":53,"column":5}},"11":{"start":{"line":50,"column":19},"end":{"line":50,"column":59}},"12":{"start":{"line":59,"column":28},"end":{"line":65,"column":1}},"13":{"start":{"line":60,"column":2},"end":{"line":64,"column":5}},"14":{"start":{"line":62,"column":19},"end":{"line":62,"column":45}}},"fnMap":{"0":{"name":"(anonymous_0)","decl":{"start":{"line":12,"column":26},"end":{"line":12,"column":27}},"loc":{"start":{"line":12,"column":32},"end":{"line":19,"column":1}},"line":12},"1":{"name":"(anonymous_1)","decl":{"start":{"line":15,"column":13},"end":{"line":15,"column":14}},"loc":{"start":{"line":15,"column":19},"end":{"line":15,"column":43}},"line":15},"2":{"name":"(anonymous_2)","decl":{"start":{"line":24,"column":23},"end":{"line":24,"column":24}},"loc":{"start":{"line":24,"column":43},"end":{"line":31,"column":1}},"line":24},"3":{"name":"(anonymous_3)","decl":{"start":{"line":27,"column":13},"end":{"line":27,"column":14}},"loc":{"start":{"line":27,"column":19},"end":{"line":27,"column":50}},"line":27},"4":{"name":"(anonymous_4)","decl":{"start":{"line":36,"column":33},"end":{"line":36,"column":34}},"loc":{"start":{"line":36,"column":39},"end":{"line":42,"column":1}},"line":36},"5":{"name":"(anonymous_5)","decl":{"start":{"line":39,"column":13},"end":{"line":39,"column":14}},"loc":{"start":{"line":39,"column":19},"end":{"line":39,"column":50}},"line":39},"6":{"name":"(anonymous_6)","decl":{"start":{"line":47,"column":36},"end":{"line":47,"column":37}},"loc":{"start":{"line":47,"column":56},"end":{"line":54,"column":1}},"line":47},"7":{"name":"(anonymous_7)","decl":{"start":{"line":50,"column":13},"end":{"line":50,"column":14}},"loc":{"start":{"line":50,"column":19},"end":{"line":50,"column":59}},"line":50},"8":{"name":"(anonymous_8)","decl":{"start":{"line":59,"column":28},"end":{"line":59,"column":29}},"loc":{"start":{"line":59,"column":34},"end":{"line":65,"column":1}},"line":59},"9":{"name":"(anonymous_9)","decl":{"start":{"line":62,"column":13},"end":{"line":62,"column":14}},"loc":{"start":{"line":62,"column":19},"end":{"line":62,"column":45}},"line":62}},"branchMap":{},"s":{"0":0,"1":0,"2":0,"3":0,"4":0,"5":0,"6":0,"7":0,"8":0,"9":0,"10":0,"11":0,"12":0,"13":0,"14":0},"f":{"0":0,"1":0,"2":0,"3":0,"4":0,"5":0,"6":0,"7":0,"8":0,"9":0},"b":{}}
,"/Users/anthony/Documents/DevWork/namlend-trust-main-3/namlend-mobile/src/hooks/usePayments.ts": {"path":"/Users/anthony/Documents/DevWork/namlend-trust-main-3/namlend-mobile/src/hooks/usePayments.ts","statementMap":{"0":{"start":{"line":13,"column":33},"end":{"line":20,"column":1}},"1":{"start":{"line":14,"column":2},"end":{"line":19,"column":5}},"2":{"start":{"line":16,"column":19},"end":{"line":16,"column":59}},"3":{"start":{"line":25,"column":29},"end":{"line":31,"column":1}},"4":{"start":{"line":26,"column":2},"end":{"line":30,"column":5}},"5":{"start":{"line":28,"column":19},"end":{"line":28,"column":49}},"6":{"start":{"line":36,"column":31},"end":{"line":43,"column":1}},"7":{"start":{"line":37,"column":2},"end":{"line":42,"column":5}},"8":{"start":{"line":39,"column":19},"end":{"line":39,"column":57}},"9":{"start":{"line":48,"column":34},"end":{"line":70,"column":1}},"10":{"start":{"line":49,"column":22},"end":{"line":49,"column":38}},"11":{"start":{"line":51,"column":2},"end":{"line":69,"column":5}},"12":{"start":{"line":62,"column":10},"end":{"line":62,"column":88}},"13":{"start":{"line":65,"column":6},"end":{"line":65,"column":64}},"14":{"start":{"line":66,"column":6},"end":{"line":66,"column":79}},"15":{"start":{"line":67,"column":6},"end":{"line":67,"column":70}}},"fnMap":{"0":{"name":"(anonymous_0)","decl":{"start":{"line":13,"column":33},"end":{"line":13,"column":34}},"loc":{"start":{"line":13,"column":53},"end":{"line":20,"column":1}},"line":13},"1":{"name":"(anonymous_1)","decl":{"start":{"line":16,"column":13},"end":{"line":16,"column":14}},"loc":{"start":{"line":16,"column":19},"end":{"line":16,"column":59}},"line":16},"2":{"name":"(anonymous_2)","decl":{"start":{"line":25,"column":29},"end":{"line":25,"column":30}},"loc":{"start":{"line":25,"column":35},"end":{"line":31,"column":1}},"line":25},"3":{"name":"(anonymous_3)","decl":{"start":{"line":28,"column":13},"end":{"line":28,"column":14}},"loc":{"start":{"line":28,"column":19},"end":{"line":28,"column":49}},"line":28},"4":{"name":"(anonymous_4)","decl":{"start":{"line":36,"column":31},"end":{"line":36,"column":32}},"loc":{"start":{"line":36,"column":51},"end":{"line":43,"column":1}},"line":36},"5":{"name":"(anonymous_5)","decl":{"start":{"line":39,"column":13},"end":{"line":39,"column":14}},"loc":{"start":{"line":39,"column":19},"end":{"line":39,"column":57}},"line":39},"6":{"name":"(anonymous_6)","decl":{"start":{"line":48,"column":34},"end":{"line":48,"column":35}},"loc":{"start":{"line":48,"column":40},"end":{"line":70,"column":1}},"line":48},"7":{"name":"(anonymous_7)","decl":{"start":{"line":52,"column":16},"end":{"line":52,"column":17}},"loc":{"start":{"line":62,"column":10},"end":{"line":62,"column":88}},"line":62},"8":{"name":"(anonymous_8)","decl":{"start":{"line":63,"column":15},"end":{"line":63,"column":16}},"loc":{"start":{"line":63,"column":33},"end":{"line":68,"column":5}},"line":63}},"branchMap":{},"s":{"0":0,"1":0,"2":0,"3":0,"4":0,"5":0,"6":0,"7":0,"8":0,"9":0,"10":0,"11":0,"12":0,"13":0,"14":0,"15":0},"f":{"0":0,"1":0,"2":0,"3":0,"4":0,"5":0,"6":0,"7":0,"8":0},"b":{}}
,"/Users/anthony/Documents/DevWork/namlend-trust-main-3/namlend-mobile/src/hooks/useSessionLock.ts": {"path":"/Users/anthony/Documents/DevWork/namlend-trust-main-3/namlend-mobile/src/hooks/useSessionLock.ts","statementMap":{"0":{"start":{"line":13,"column":28},"end":{"line":13,"column":46}},"1":{"start":{"line":14,"column":27},"end":{"line":14,"column":108}},"2":{"start":{"line":17,"column":34},"end":{"line":17,"column":49}},"3":{"start":{"line":18,"column":54},"end":{"line":18,"column":69}},"4":{"start":{"line":19,"column":26},"end":{"line":19,"column":44}},"5":{"start":{"line":20,"column":19},"end":{"line":20,"column":48}},"6":{"start":{"line":22,"column":2},"end":{"line":30,"column":9}},"7":{"start":{"line":23,"column":4},"end":{"line":23,"column":33}},"8":{"start":{"line":24,"column":4},"end":{"line":24,"column":28}},"9":{"start":{"line":25,"column":4},"end":{"line":25,"column":28}},"10":{"start":{"line":27,"column":4},"end":{"line":29,"column":6}},"11":{"start":{"line":32,"column":37},"end":{"line":36,"column":3}},"12":{"start":{"line":33,"column":24},"end":{"line":33,"column":68}},"13":{"start":{"line":34,"column":23},"end":{"line":34,"column":66}},"14":{"start":{"line":35,"column":4},"end":{"line":35,"column":53}},"15":{"start":{"line":38,"column":32},"end":{"line":56,"column":3}},"16":{"start":{"line":40,"column":26},"end":{"line":43,"column":5}},"17":{"start":{"line":41,"column":6},"end":{"line":41,"column":43}},"18":{"start":{"line":42,"column":6},"end":{"line":42,"column":25}},"19":{"start":{"line":46,"column":21},"end":{"line":53,"column":13}},"20":{"start":{"line":47,"column":18},"end":{"line":47,"column":28}},"21":{"start":{"line":48,"column":36},"end":{"line":48,"column":65}},"22":{"start":{"line":50,"column":6},"end":{"line":52,"column":7}},"23":{"start":{"line":51,"column":8},"end":{"line":51,"column":22}},"24":{"start":{"line":55,"column":4},"end":{"line":55,"column":41}},"25":{"start":{"line":55,"column":17},"end":{"line":55,"column":40}},"26":{"start":{"line":58,"column":32},"end":{"line":61,"column":3}},"27":{"start":{"line":59,"column":25},"end":{"line":59,"column":82}},"28":{"start":{"line":60,"column":4},"end":{"line":60,"column":39}},"29":{"start":{"line":60,"column":17},"end":{"line":60,"column":38}},"30":{"start":{"line":63,"column":31},"end":{"line":79,"column":3}},"31":{"start":{"line":64,"column":4},"end":{"line":76,"column":5}},"32":{"start":{"line":66,"column":27},"end":{"line":66,"column":74}},"33":{"start":{"line":67,"column":6},"end":{"line":72,"column":7}},"34":{"start":{"line":68,"column":38},"end":{"line":68,"column":77}},"35":{"start":{"line":69,"column":8},"end":{"line":71,"column":9}},"36":{"start":{"line":70,"column":10},"end":{"line":70,"column":24}},"37":{"start":{"line":73,"column":11},"end":{"line":76,"column":5}},"38":{"start":{"line":75,"column":6},"end":{"line":75,"column":77}},"39":{"start":{"line":78,"column":4},"end":{"line":78,"column":36}},"40":{"start":{"line":81,"column":22},"end":{"line":83,"column":3}},"41":{"start":{"line":82,"column":4},"end":{"line":82,"column":22}},"42":{"start":{"line":85,"column":24},"end":{"line":112,"column":3}},"43":{"start":{"line":86,"column":4},"end":{"line":91,"column":5}},"44":{"start":{"line":88,"column":6},"end":{"line":88,"column":25}},"45":{"start":{"line":89,"column":6},"end":{"line":89,"column":43}},"46":{"start":{"line":90,"column":6},"end":{"line":90,"column":18}},"47":{"start":{"line":93,"column":4},"end":{"line":111,"column":5}},"48":{"start":{"line":94,"column":21},"end":{"line":98,"column":8}},"49":{"start":{"line":100,"column":6},"end":{"line":105,"column":7}},"50":{"start":{"line":101,"column":8},"end":{"line":101,"column":27}},"51":{"start":{"line":102,"column":8},"end":{"line":102,"column":45}},"52":{"start":{"line":103,"column":8},"end":{"line":103,"column":79}},"53":{"start":{"line":104,"column":8},"end":{"line":104,"column":20}},"54":{"start":{"line":107,"column":6},"end":{"line":107,"column":19}},"55":{"start":{"line":109,"column":6},"end":{"line":109,"column":62}},"56":{"start":{"line":110,"column":6},"end":{"line":110,"column":19}},"57":{"start":{"line":114,"column":24},"end":{"line":116,"column":3}},"58":{"start":{"line":115,"column":4},"end":{"line":115,"column":41}},"59":{"start":{"line":118,"column":2},"end":{"line":124,"column":4}}},"fnMap":{"0":{"name":"useSessionLock","decl":{"start":{"line":16,"column":16},"end":{"line":16,"column":30}},"loc":{"start":{"line":16,"column":33},"end":{"line":125,"column":1}},"line":16},"1":{"name":"(anonymous_1)","decl":{"start":{"line":22,"column":12},"end":{"line":22,"column":13}},"loc":{"start":{"line":22,"column":18},"end":{"line":30,"column":3}},"line":22},"2":{"name":"(anonymous_2)","decl":{"start":{"line":27,"column":11},"end":{"line":27,"column":12}},"loc":{"start":{"line":27,"column":17},"end":{"line":29,"column":5}},"line":27},"3":{"name":"(anonymous_3)","decl":{"start":{"line":32,"column":37},"end":{"line":32,"column":3
[...]
e/src/utils/currency.ts": {"path":"/Users/anthony/Documents/DevWork/namlend-trust-main-3/namlend-mobile/src/utils/currency.ts","statementMap":{"0":{"start":{"line":13,"column":25},"end":{"line":22,"column":1}},"1":{"start":{"line":14,"column":2},"end":{"line":16,"column":3}},"2":{"start":{"line":15,"column":4},"end":{"line":15,"column":21}},"3":{"start":{"line":18,"column":2},"end":{"line":21,"column":7}},"4":{"start":{"line":29,"column":24},"end":{"line":32,"column":1}},"5":{"start":{"line":30,"column":18},"end":{"line":30,"column":51}},"6":{"start":{"line":31,"column":2},"end":{"line":31,"column":34}},"7":{"start":{"line":39,"column":26},"end":{"line":42,"column":1}},"8":{"start":{"line":40,"column":18},"end":{"line":40,"column":71}},"9":{"start":{"line":41,"column":2},"end":{"line":41,"column":35}},"10":{"start":{"line":49,"column":32},"end":{"line":51,"column":1}},"11":{"start":{"line":50,"column":2},"end":{"line":50,"column":32}}},"fnMap":{"0":{"name":"(anonymous_0)","decl":{"start":{"line":13,"column":25},"end":{"line":13,"column":26}},"loc":{"start":{"line":13,"column":72},"end":{"line":22,"column":1}},"line":13},"1":{"name":"(anonymous_1)","decl":{"start":{"line":29,"column":24},"end":{"line":29,"column":25}},"loc":{"start":{"line":29,"column":55},"end":{"line":32,"column":1}},"line":29},"2":{"name":"(anonymous_2)","decl":{"start":{"line":39,"column":26},"end":{"line":39,"column":27}},"loc":{"start":{"line":39,"column":52},"end":{"line":42,"column":1}},"line":39},"3":{"name":"(anonymous_3)","decl":{"start":{"line":49,"column":32},"end":{"line":49,"column":33}},"loc":{"start":{"line":49,"column":59},"end":{"line":51,"column":1}},"line":49}},"branchMap":{"0":{"loc":{"start":{"line":14,"column":2},"end":{"line":16,"column":3}},"type":"if","locations":[{"start":{"line":14,"column":2},"end":{"line":16,"column":3}},{"start":{},"end":{}}],"line":14},"1":{"loc":{"start":{"line":14,"column":6},"end":{"line":14,"column":62}},"type":"binary-expr","locations":[{"start":{"line":14,"column":6},"end":{"line":14,"column":21}},{"start":{"line":14,"column":25},"end":{"line":14,"column":45}},{"start":{"line":14,"column":49},"end":{"line":14,"column":62}}],"line":14},"2":{"loc":{"start":{"line":31,"column":9},"end":{"line":31,"column":33}},"type":"binary-expr","locations":[{"start":{"line":31,"column":9},"end":{"line":31,"column":28}},{"start":{"line":31,"column":32},"end":{"line":31,"column":33}}],"line":31},"3":{"loc":{"start":{"line":40,"column":27},"end":{"line":40,"column":66}},"type":"binary-expr","locations":[{"start":{"line":40,"column":27},"end":{"line":40,"column":58}},{"start":{"line":40,"column":62},"end":{"line":40,"column":66}}],"line":40},"4":{"loc":{"start":{"line":41,"column":9},"end":{"line":41,"column":34}},"type":"binary-expr","locations":[{"start":{"line":41,"column":9},"end":{"line":41,"column":16}},{"start":{"line":41,"column":20},"end":{"line":41,"column":34}}],"line":41}},"s":{"0":1,"1":9,"2":0,"3":9,"4":1,"5":0,"6":0,"7":1,"8":0,"9":0,"10":1,"11":0},"f":{"0":9,"1":0,"2":0,"3":0},"b":{"0":[0,9],"1":[9,9,9],"2":[0,0],"3":[0,0],"4":[0,0]},"_coverageSchema":"1a1c01bbd47fc00a2c39e90264f33305004495a9","hash":"7ee2196a99ae710623d54575b06bb7e75bdcf0f3"}
,"/Users/anthony/Documents/DevWork/namlend-trust-main-3/namlend-mobile/src/utils/devTools.ts": {"path":"/Users/anthony/Documents/DevWork/namlend-trust-main-3/namlend-mobile/src/utils/devTools.ts","statementMap":{"0":{"start":{"line":8,"column":28},"end":{"line":8,"column":74}},"1":{"start":{"line":15,"column":2},"end":{"line":18,"column":3}},"2":{"start":{"line":16,"column":4},"end":{"line":16,"column":65}},"3":{"start":{"line":17,"column":4},"end":{"line":17,"column":11}},"4":{"start":{"line":20,"column":2},"end":{"line":26,"column":3}},"5":{"start":{"line":21,"column":14},"end":{"line":21,"column":31}},"6":{"start":{"line":22,"column":4},"end":{"line":24,"column":7}},"7":{"start":{"line":23,"column":6},"end":{"line":23,"column":26}},"8":{"start":{"line":25,"column":4},"end":{"line":25,"column":70}},"9":{"start":{"line":33,"column":2},"end":{"line":33,"column":40}},"10":{"start":{"line":40,"column":2},"end":{"line":42,"column":3}},"11":{"start":{"line":41,"column":4},"end":{"line":41,"column":47}},"12":{"start":{"line":49,"column":2},"end":{"line":51,"column":3}},"13":{"start":{"line":50,"column":4},"end":{"line":50,"column":74}}},"fnMap":{"0":{"name":"safeExposeDevTools","decl":{"start":{"line":14,"column":16},"end":{"line":14,"column":34}},"loc":{"start":{"line":14,"column":63},"end":{"line":27,"column":1}},"line":14},"1":{"name":"(anonymous_1)","decl":{"start":{"line":22,"column":31},"end":{"line":22,"column":32}},"loc":{"start":{"line":22,"column":40},"end":{"line":24,"column":5}},"line":22},"2":{"name":"isDebugEnabled","decl":{"start":{"line":32,"column":16},"end":{"line":32,"column":30}},"loc":{"start":{"line":32,"column":42},"end":{"line":34,"column":1}},"line":32},"3":{"name":"debugLog","decl":{"start":{"line":39,"column":16},"end":{"line":39,"column":24}},"loc":{"start":{"line":39,"column":58},"end":{"line":43,"column":1}},"line":39},"4":{"name":"assertDebugMode","decl":{"start":{"line":48,"column":16},"end":{"line":48,"column":31}},"loc":{"start":{"line":48,"column":51},"end":{"line":52,"column":1}},"line":48}},"branchMap":{"0":{"loc":{"start":{"line":15,"column":2},"end":{"line":18,"column":3}},"type":"if","locations":[{"start":{"line":15,"column":2},"end":{"line":18,"column":3}},{"start":{},"end":{}}],"line":15},"1":{"loc":{"start":{"line":20,"column":2},"end":{"line":26,"column":3}},"type":"if","locations":[{"start":{"line":20,"column":2},"end":{"line":26,"column":3}},{"start":{},"end":{}}],"line":20},"2":{"loc":{"start":{"line":33,"column":9},"end":{"line":33,"column":39}},"type":"binary-expr","locations":[{"start":{"line":33,"column":9},"end":{"line":33,"column":28}},{"start":{"line":33,"column":32},"end":{"line":33,"column":39}}],"line":33},"3":{"loc":{"start":{"line":40,"column":2},"end":{"line":42,"column":3}},"type":"if","locations":[{"start":{"line":40,"column":2},"end":{"line":42,"column":3}},{"start":{},"end":{}}],"line":40},"4":{"loc":{"start":{"line":49,"column":2},"end":{"line":51,"column":3}},"type":"if","locations":[{"start":{"line":49,"column":2},"end":{"line":51,"column":3}},{"start":{},"end":{}}],"line":49}},"s":{"0":0,"1":0,"2":0,"3":0,"4":0,"5":0,"6":0,"7":0,"8":0,"9":0,"10":0,"11":0,"12":0,"13":0},"f":{"0":0,"1":0,"2":0,"3":0,"4":0},"b":{"0":[0,0],"1":[0,0],"2":[0,0],"3":[0,0],"4":[0,0]}}
,"/Users/anthony/Documents/DevWork/namlend-trust-main-3/namlend-mobile/src/utils/offlineProcessor.ts": {"path":"/Users/anthony/Documents/DevWork/namlend-trust-main-3/namlend-mobile/src/utils/offlineProcessor.ts","statementMap":{"0":{"start":{"line":6,"column":2},"end":{"line":85,"column":5}},"1":{"start":{"line":8,"column":33},"end":{"line":8,"column":62}},"2":{"start":{"line":9,"column":6},"end":{"line":9,"column":54}},"3":{"start":{"line":9,"column":17},"end":{"line":9,"column":54}},"4":{"start":{"line":11,"column":24},"end":{"line":20,"column":10}},"5":{"start":{"line":22,"column":6},"end":{"line":22,"column":29}},"6":{"start":{"line":22,"column":17},"end":{"line":22,"column":29}},"7":{"start":{"line":25,"column":33},"end":{"line":25,"column":62}},"8":{"start":{"line":26,"column":6},"end":{"line":26,"column":54}},"9":{"start":{"line":26,"column":17},"end":{"line":26,"column":54}},"10":{"start":{"line":27,"column":24},"end":{"line":35,"column":36}},"11":{"start":{"line":36,"column":6},"end":{"line":36,"column":29}},"12":{"start":{"line":36,"column":17},"end":{"line":36,"column":29}},"13":{"start":{"line":39,"column":33},"end":{"line":39,"column":62}},"14":{"start":{"line":40,"column":6},"end":{"line":40,"column":54}},"15":{"start":{"line":40,"column":17},"end":{"line":40,"column":54}},"16":{"start":{"line":41,"column":24},"end":{"line":49,"column":36}},"17":{"start":{"line":50,"column":6},"end":{"line":50,"column":29}},"18":{"start":{"line":50,"column":17},"end":{"line":50,"column":29}},"19":{"start":{"line":53,"column":33},"end":{"line":53,"column":62}},"20":{"start":{"line":54,"column":6},"end":{"line":54,"column":54}},"21":{"start":{"line":54,"column":17},"end":{"line":54,"column":54}},"22":{"start":{"line":55,"column":24},"end":{"line":64,"column":10}},"23":{"start":{"line":65,"column":6},"end":{"line":65,"column":29}},"24":{"start":{"line":65,"column":17},"end":{"line":65,"column":29}},"25":{"start":{"line":68,"column":33},"end":{"line":68,"column":62}},"26":{"start":{"line":69,"column":6},"end":{"line":69,"column":54}},"27":{"start":{"line":69,"column":17},"end":{"line":69,"column":54}},"28":{"start":{"line":70,"column":18},"end":{"line":70,"column":47}},"29":{"start":{"line":71,"column":19},"end":{"line":71,"column":35}},"30":{"start":{"line":72,"column":19},"end":{"line":72,"column":74}},"31":{"start":{"line":73,"column":21},"end":{"line":73,"column":119}},"32":{"start":{"line":74,"column":6},"end":{"line":74,"column":43}},"33":{"start":{"line":74,"column":24},"end":{"line":74,"column":43}},"34":{"start":{"line":75,"column":6},"end":{"line":83,"column":9}},"35":{"start":{"line":92,"column":2},"end":{"line":92,"column":40}},"36":{"start":{"line":92,"column":33},"end":{"line":92,"column":40}},"37":{"start":{"line":93,"column":2},"end":{"line":95,"column":12}},"38":{"start":{"line":94,"column":4},"end":{"line":94,"column":22}},"39":{"start":{"line":96,"column":2},"end":{"line":100,"column":5}},"40":{"start":{"line":97,"column":4},"end":{"line":99,"column":5}},"41":{"start":{"line":98,"column":6},"end":{"line":98,"column":24}},"42":{"start":{"line":101,"column":2},"end":{"line":101,"column":14}}},"fnMap":{"0":{"name":"flushOnce","decl":{"start":{"line":5,"column":15},"end":{"line":5,"column":24}},"loc":{"start":{"line":5,"column":27},"end":{"line":86,"column":1}},"line":5},"1":{"name":"(anonymous_1)","decl":{"start":{"line":7,"column":22},"end":{"line":7,"column":23}},"loc":{"start":{"line":7,"column":46},"end":{"line":23,"column":5}},"line":7},"2":{"name":"(anonymous_2)","decl":{"start":{"line":24,"column":21},"end":{"line":24,"column":22}},"loc":{"start":{"line":24,"column":79},"end":{"line":37,"column":5}},"line":24},"3":{"name":"(anonymous_3)","decl":{"start":{"line":38,"column":20},"end":{"line":38,"column":21}},"loc":{"start":{"line":38,"column":77},"end":{"line":51,"column":5}},"line":38},"4":{"name":"(anonymous_4)","decl":{"start":{"line":52,"column":22},"end":{"line":52,"column":23}},"loc":{"start":{"line":52,"column":126},"end":{"line":66,"column":5}},"line":52},"5":{"name":"(anonymous_5)","decl":{"start":{"line":67,"column":21},"end":{"line":67,"column":22}},"loc":{"start":{"line":67,"column":143},"end":{"line":84,"column":5}},"line":67},"6":{"name":"startOfflineProcessor","decl":{"start":{"line":91,"column":16},"end":{"line":91,"column":37}},"loc":{"start":{"line":91,"column":40},"end":{"line":102,"column":1}},"line":91},"7":{"name":"(anonymous_7)","decl":{"start":{"line":93,"column":27},"end":{"line":93,"column":28}},"loc":{"start":{"line":93,"column":39},"end":{"line":95,"column":3}},"line":93},"8":{"name":"(anonymous_8)","decl":{"start":{"line":96,"column":52},"end":{"line":96,"column":53}},"loc":{"start":{"line":96,"column":70},"end":{"line":100,"column":3}},"line":96}},"branchMap":{"0":{"loc":{"start":{"line":9,"column":6},"end":{"line":9,"column":54}},"type":"if","locations":[{"start":{"line":9,"column":6},"end":{"line":9,"column":54}},{"start":{},"end":{}}],"line":9},"1":{"loc":{"start":{"line":14,"column":19},"end":{"line":14,"column":45}},"type":"binary-expr","locations":[{"start":{"line":14,"column":19},"end":{"line":14,"column":34}},{"start":{"line":14,"column":38},"end":{"line":14,"column":45}}],"line":14},"2":{"loc":{"start":{"line":16,"column":24},"end":{"line":16,"column":55}},"type":"binary-expr","locations":[{"start":{"line":16,"column":24},"end":{"line":16,"column":44}},{"start":{"line":16,"column":48},"end":{"line":16,"column":55}}],"line":16},"3":{"loc":{"start":{"line":22,"column":6},"end":{"line":22,"column":29}},"type":"if","locations":[{"start":{"line":22,"column":6},"end":{"line":22,"column":29}},{"start":{},"end":{}}],"line":22},"4":{"loc":{"start":{"line":26,"column":6},"end":{"line":26,"column":54}},"type":"if","locations":[{"start":{"line":26,"column":6},"end":{"line":26,"column":54}},{"start":{},"end":{}}],"line":26},"5":{"loc":{"start":{"line":33,"column":24},"end":{"line":33,"column":46}},"type":"binary-expr","locations":[{"start":{"line":33,"column":24},"end":{"line":33,"column":38}},{"start":{"line":33,"column":42},"end":{"line":33,"column":46}}],"line":33},"6":{"loc":{"start":{"line":36,"column":6},"end":{"line":36,"column":29}},"type":"if","locations":[{"start":{"line":36,"column":6},"end":{"line":36,"column":29}},{"start":{},"end":{}}],"line":36},"7":{"loc":{"start":{"line":40,"column":6},"end":{"line":40,"column":54}},"type":"if","locations":[{"start":{"line":40,"column":6},"end":{"line":40,"column":54}},{"start":{},"end":{}}],"line":40},"8":{"loc":{"start":{"line":47,"column":24},"end":{"line":47,"column":46}},"type":"binary-expr","locations":[{"start":{"line":47,"column":24},"end":{"line":47,"column":38}},{"start":{"line":47,"column":42},"end":{"line":47,"column":46}}],"line":47},"9":{"loc":{"start":{"line":50,"column":6},"end":{"line":50,"column":29}},"type":"if","locations":[{"start":{"line":50,"column":6},"end":{"line":50,"column":29}},{"start":{},"end":{}}],"line":50},"10":{"loc":{"start":{"line":54,"column":6},"end":{"line":54,"column":54}},"type":"if","locations":[{"start":{"line":54,"column":6},"end":{"line":54,"column":54}},{"start":{},"end":{}}],"line":54},"11":{"loc":{"start":{"line":65,"column":6},"end":{"line":65,"column":29}},"type":"if","locations":[{"start":{"line":65,"column":6},"end":{"line":65,"column":29}},{"start":{},"end":{}}],"line":65},"12":{"loc":{"start":{"line":69,"column":6},"end":{"line":69,"column":54}},"type":"if","locations":[{"start":{"line":69,"column":6},"end":{"line":69,"column":54}},{"start":{},"end":{}}],"line":69},"13":{"loc":{"start":{"line":74,"column":6},"end":{"line":74,"column":43}},"type":"if","locations":[{"start":{"line":74,"column":6},"end":{"line":74,"column":43}},{"start":{},"end":{}}],"line":74},"14":{"loc":{"start":{"line":80,"column":19},"end":{"line":80,"column":45}},"type":"binary-expr","locations":[{"start":{"line":80,"column":19},"end":{"line":80,"column":37}},{"start":{"line":80,"column":41},"end":{"line":80,"column":45}}],"line":80},"15":{"loc":{"start":{"line":92,"column":2},"end":{"line":92,"column":40}},"type":"if","locations":[{"start":{"line":92,"column":2},"end":{"line":92,"column":40}},{"start":{},"end":{}}],"line":92},"16":{"loc":{"start":{"line":92,"column":6},"end":{"line":92,"column":31}},"type":"binary-expr","locations":[{"start":{"line":92,"column":6},"end":{"line":92,"column":16}},{"start":{"line":92,"column":20},"end":{"line":92,"column":31}}],"line":92},"17":{"loc":{"start":{"line":97,"column":4},"end":{"line":99,"column":5}},"type":"if","locations":[{"start":{"line":97,"column":4},"end":{"line":99,"column":5}},{"start":{},"end":{}}],"line":97}},"s":{"0":0,"1":0,"2":0,"3":0,"4":0,"5":0,"6":0,"7":0,"8":0,"9":0,"10":0,"11":0,"12":0,"13":0,"14":0,"15":0,"16":0,"17":0,"18":0,"19":0,"20":0,"21":0,"22":0,"23":0,"24":0,"25":0,"26":0,"27":0,"28":0,"29":0,"30":0,"31":0,"32":0,"33":0,"34":0,"35":0,"36":0,"37":0,"38":0,"39":0,"40":0,"41":0,"42":0},"f":{"0":0,"1":0,"2":0,"3":0,"4":0,"5":0,"6":0,"7":0,"8":0},"b":{"0":[0,0],"1":[0,0],"2":[0,0],"3":[0,0],"4":[0,0],"5":[0,0],"6":[0,0],"7":[0,0],"8":[0,0],"9":[0,0],"10":[0,0],"11":[0,0],"12":[0,0],"13":[0,0],"14":[0,0],"15":[0,0],"16":[0,0],"17":[0,0]}}
,"/Users/anthony/Documents/DevWork/namlend-trust-main-3/namlend-mobile/src/utils/offlineQueue.ts": {"path":"/Users/anthony/Documents/DevWork/namlend-trust-main-3/namlend-mobile/src/utils/offlineQueue.ts","statementMap":{"0":{"start":{"line":12,"column":20},"end":{"line":12,"column":38}},"1":{"start":{"line":15,"column":2},"end":{"line":20,"column":3}},"2":{"start":{"line":16,"column":16},"end":{"line":16,"column":55}},"3":{"start":{"line":17,"column":4},"end":{"line":17,"column":38}},"4":{"start":{"line":19,"column":4},"end":{"line":19,"column":14}},"5":{"start":{"line":24,"column":2},"end":{"line":24,"column":65}},"6":{"start":{"line":28,"column":33},"end":{"line":32,"column":3}},"7":{"start":{"line":33,"column":16},"end":{"line":33,"column":33}},"8":{"start":{"line":34,"column":2},"end":{"line":34,"column":19}},"9":{"start":{"line":35,"column":2},"end":{"line":35,"column":26}},"10":{"start":{"line":36,"column":2},"end":{"line":36,"column":14}},"11":{"start":{"line":40,"column":16},"end":{"line":40,"column":33}},"12":{"start":{"line":41,"column":2},"end":{"line":41,"column":23}},"13":{"start":{"line":42,"column":2},"end":{"line":42,"column":15}},"14":{"start":{"line":49,"column":16},"end":{"line":49,"column":33}},"15":{"start":{"line":50,"column":2},"end":{"line":50,"column":56}},"16":{"start":{"line":50,"column":21},"end":{"line":50,"column":56}},"17":{"start":{"line":52,"column":18},"end":{"line":52,"column":19}},"18":{"start":{"line":53,"column":15},"end":{"line":53,"column":16}},"19":{"start":{"line":54,"column":40},"end":{"line":54,"column":42}},"20":{"start":{"line":56,"column":2},"end":{"line":70,"column":3}},"21":{"start":{"line":57,"column":15},"end":{"line":57,"column":34}},"22":{"start":{"line":58,"column":4},"end":{"line":62,"column":5}},"23":{"start":{"line":59,"column":6},"end":{"line":59,"column":25}},"24":{"start":{"line":60,"column":6},"end":{"line":60,"column":15}},"25":{"start":{"line":61,"column":6},"end":{"line":61,"column":15}},"26":{"start":{"line":63,"column":4},"end":{"line":69,"column":5}},"27":{"start":{"line":64,"column":6},"end":{"line":64,"column":27}},"28":{"start":{"line":65,"column":6},"end":{"line":65,"column":18}},"29":{"start":{"line":67,"column":6},"end":{"line":67,"column":25}},"30":{"start":{"line":68,"column":6},"end":{"line":68,"column":15}},"31":{"start":{"line":72,"column":2},"end":{"line":72,"column":30}},"32":{"start":{"line":73,"column":2},"end":{"line":73,"column":31}}},"fnMap":{"0":{"name":"readQueue","decl":{"start":{"line":14,"column":15},"end":{"line":14,"column":24}},"loc":{"start":{"line":14,"column":56},"end":{"line":21,"column":1}},"line":14},"1":{"name":"writeQueue","decl":{"start":{"line":23,"column":15},"end":{"line":23,"column":25}},"loc":{"start":{"line":23,"column":68},"end":{"line":25,"column":1}},"line":23},"2":{"name":"enqueue","decl":{"start":{"line":27,"column":22},"end":{"line":27,"column":29}},"loc":{"start":{"line":27,"column":105},"end":{"line":37,"column":1}},"line":27},"3":{"name":"dequeueAll","decl":{"start":{"line":39,"column":22},"end":{"line":39,"column":32}},"loc":{"start":{"line":39,"column":64},"end":{"line":43,"column":1}},"line":39},"4":{"name":"processQueueWith","decl":{"start":{"line":48,"column":22},"end":{"line":48,"column":38}},"loc":{"start":{"line":48,"column":113},"end":{"line":74,"column":1}},"line":48}},"branchMap":{"0":{"loc":{"start":{"line":17,"column":11},"end":{"line":17,"column":37}},"type":"cond-expr","locations":[{"start":{"line":17,"column":17},"end":{"line":17,"column":32}},{"start":{"line":17,"column":35},"end":{"line":17,"column":37}}],"line":17},"1":{"loc":{"start":{"line":50,"column":2},"end":{"line":50,"column":56}},"type":"if","locations":[{"start":{"line":50,"column":2},"end":{"line":50,"column":56}},{"start":{},"end":{}}],"line":50},"2":{"loc":{"start":{"line":58,"column":4},"end":{"line":62,"column":5}},"type":"if","locations":[{"start":{"line":58,"column":4},"end":{"line":62,"column":5}},{"start":{},"end":{}}],"line":58}},"s":{"0":0,"1":0,"2":0,"3":0,"4":0,"5":0,"6":0,"7":0,"8":0,"9":0,"10":0,"11":0,"12":0,"13":0,"14":0,"15":0,"16":0,"17":0,"18":0,"19":0,"20":0,"21":0,"22":0,"23":0,"24":0,"25":0,"26":0,"27":0,"28":0,"29":0,"30":0,"31":0,"32":0},"f":{"0":0,"1":0,"2":0,"3":0,"4":0},"b":{"0":[0,0],"1":[0,0],"2":[0,0]}}
}
